2020-06-27 21:37:53.650  INFO 55911 --- [main] com.java.relay42.IotAnalyzerApplication  : Starting IotAnalyzerApplication on Admins-MacBook-Pro.local with PID 55911 (/Users/gnatarajan/Workspace/iot-analyzer/target/classes started by gnatarajan in /Users/gnatarajan/Workspace/iot-analyzer)
2020-06-27 21:37:53.652  INFO 55911 --- [main] com.java.relay42.IotAnalyzerApplication  : No active profile set, falling back to default profiles: default
2020-06-27 21:37:54.329  INFO 55911 --- [main] .s.d.r.c.RepositoryConfigurationDelegate : Bootstrapping Spring Data Reactive Cassandra repositories in DEFAULT mode.
2020-06-27 21:37:54.393  INFO 55911 --- [main] .s.d.r.c.RepositoryConfigurationDelegate : Finished Spring Data repository scanning in 59ms. Found 0 Reactive Cassandra repository interfaces.
2020-06-27 21:37:54.396  INFO 55911 --- [main] .s.d.r.c.RepositoryConfigurationDelegate : Bootstrapping Spring Data Cassandra repositories in DEFAULT mode.
2020-06-27 21:37:54.416  INFO 55911 --- [main] .s.d.r.c.RepositoryConfigurationDelegate : Finished Spring Data repository scanning in 19ms. Found 3 Cassandra repository interfaces.
2020-06-27 21:37:54.659  INFO 55911 --- [main] trationDelegate$BeanPostProcessorChecker : Bean 'org.springframework.security.access.expression.method.DefaultMethodSecurityExpressionHandler@4604b900' of type [org.springframework.security.access.expression.method.DefaultMethodSecurityExpressionHandler] is not eligible for getting processed by all BeanPostProcessors (for example: not eligible for auto-proxying)
2020-06-27 21:37:54.664  INFO 55911 --- [main] trationDelegate$BeanPostProcessorChecker : Bean 'methodSecurityMetadataSource' of type [org.springframework.security.access.method.DelegatingMethodSecurityMetadataSource] is not eligible for getting processed by all BeanPostProcessors (for example: not eligible for auto-proxying)
2020-06-27 21:37:54.891  INFO 55911 --- [main] o.s.b.w.embedded.tomcat.TomcatWebServer  : Tomcat initialized with port(s): 5678 (http)
2020-06-27 21:37:54.902  INFO 55911 --- [main] o.apache.catalina.core.StandardService   : Starting service [Tomcat]
2020-06-27 21:37:54.902  INFO 55911 --- [main] org.apache.catalina.core.StandardEngine  : Starting Servlet engine: [Apache Tomcat/9.0.34]
2020-06-27 21:37:54.991  INFO 55911 --- [main] o.a.c.c.C.[Tomcat].[localhost].[/]       : Initializing Spring embedded WebApplicationContext
2020-06-27 21:37:54.992  INFO 55911 --- [main] o.s.web.context.ContextLoader            : Root WebApplicationContext: initialization completed in 1277 ms
2020-06-27 21:37:55.078  INFO 55911 --- [main] com.datastax.driver.core                 : DataStax Java driver 3.9.0 for Apache Cassandra
2020-06-27 21:37:55.082  INFO 55911 --- [main] c.d.driver.core.GuavaCompatibility       : Detected Guava >= 19 in the classpath, using modern compatibility layer
2020-06-27 21:37:55.388  INFO 55911 --- [main] com.datastax.driver.core.ClockFactory    : Using native clock to generate timestamps.
2020-06-27 21:37:55.514  WARN 55911 --- [main] com.datastax.driver.core.NettyUtil       : Found Netty's native epoll transport, but not running on linux-based operating system. Using NIO instead.
2020-06-27 21:37:55.973  INFO 55911 --- [main] c.d.d.c.p.DCAwareRoundRobinPolicy        : Using data-center name 'datacenter1' for DCAwareRoundRobinPolicy (if this is incorrect, please provide the correct datacenter name with DCAwareRoundRobinPolicy constructor)
2020-06-27 21:37:55.974  INFO 55911 --- [main] com.datastax.driver.core.Cluster         : New Cassandra host /127.0.0.1:9042 added
2020-06-27 21:37:57.046  INFO 55911 --- [main] o.s.s.web.DefaultSecurityFilterChain     : Creating filter chain: any request, [org.springframework.security.web.context.request.async.WebAsyncManagerIntegrationFilter@7bdf61ad, org.springframework.security.web.context.SecurityContextPersistenceFilter@4ef2ab73, org.springframework.security.web.header.HeaderWriterFilter@6fcd31c3, org.springframework.security.web.authentication.logout.LogoutFilter@2753316c, com.java.relay42.security.JwtTokenFilter@54336976, org.springframework.security.web.authentication.www.BasicAuthenticationFilter@51fc862e, org.springframework.security.web.savedrequest.RequestCacheAwareFilter@718f805a, org.springframework.security.web.servletapi.SecurityContextHolderAwareRequestFilter@34208baa, org.springframework.security.web.authentication.AnonymousAuthenticationFilter@f25f48a, org.springframework.security.web.session.SessionManagementFilter@5a13fcf3, org.springframework.security.web.access.ExceptionTranslationFilter@24c8d8be, org.springframework.security.web.access.intercept.FilterSecurityInterceptor@49e2b3c5]
2020-06-27 21:37:57.237  INFO 55911 --- [main] o.s.s.concurrent.ThreadPoolTaskExecutor  : Initializing ExecutorService 'applicationTaskExecutor'
2020-06-27 21:37:57.886  INFO 55911 --- [main] o.s.b.w.embedded.tomcat.TomcatWebServer  : Tomcat started on port(s): 5678 (http) with context path ''
2020-06-27 21:37:57.888  INFO 55911 --- [main] com.java.relay42.IotAnalyzerApplication  : Started IotAnalyzerApplication in 4.65 seconds (JVM running for 5.07)
2020-06-27 21:37:59.740  INFO 55911 --- [main] com.datastax.driver.core.utils.UUIDs     : PID obtained through native call to getpid(): 55911
2020-06-27 21:37:59.741  INFO 55911 --- [main] com.java.relay42.service.IotService      : updating the tracker object with ams
2020-06-27 21:37:59.746  INFO 55911 --- [main] com.java.relay42.service.IotService      : updating the tracker object with ldn
2020-06-27 21:37:59.748  INFO 55911 --- [main] com.java.relay42.service.IotService      : updating the tracker object with par
2020-06-27 21:37:59.944  INFO 55911 --- [http-nio-5678-exec-3] o.a.c.c.C.[Tomcat].[localhost].[/]       : Initializing Spring DispatcherServlet 'dispatcherServlet'
2020-06-27 21:37:59.944  INFO 55911 --- [http-nio-5678-exec-3] o.s.web.servlet.DispatcherServlet        : Initializing Servlet 'dispatcherServlet'
2020-06-27 21:37:59.952  INFO 55911 --- [http-nio-5678-exec-3] o.s.web.servlet.DispatcherServlet        : Completed initialization in 8 ms
2020-06-27 21:44:18.652  WARN 55911 --- [reactor-http-nio-3] reactor.netty.channel.FluxReceive        : [id: 0x762ebc5e, L:0.0.0.0/0.0.0.0:57921 ! R:localhost/127.0.0.1:5678] An exception has been observed post termination, use DEBUG level to see the full stack: reactor.core.Exceptions$ErrorCallbackNotImplemented: reactor.netty.http.client.PrematureCloseException: Connection prematurely closed DURING response
2020-06-27 21:44:18.652  WARN 55911 --- [reactor-http-nio-2] reactor.netty.channel.FluxReceive        : [id: 0x0161ef0d, L:0.0.0.0/0.0.0.0:57919 ! R:localhost/127.0.0.1:5678] An exception has been observed post termination, use DEBUG level to see the full stack: reactor.core.Exceptions$ErrorCallbackNotImplemented: reactor.netty.http.client.PrematureCloseException: Connection prematurely closed DURING response
2020-06-27 21:44:18.652  WARN 55911 --- [reactor-http-nio-1] reactor.netty.channel.FluxReceive        : [id: 0x3c7953c5, L:0.0.0.0/0.0.0.0:57920 ! R:localhost/127.0.0.1:5678] An exception has been observed post termination, use DEBUG level to see the full stack: reactor.core.Exceptions$ErrorCallbackNotImplemented: reactor.netty.http.client.PrematureCloseException: Connection prematurely closed DURING response
2020-06-27 21:44:20.724  INFO 55911 --- [SpringContextShutdownHook] o.s.s.concurrent.ThreadPoolTaskExecutor  : Shutting down ExecutorService 'applicationTaskExecutor'
2020-06-27 21:48:14.380  INFO 56125 --- [main] com.java.relay42.IotAnalyzerApplication  : Starting IotAnalyzerApplication on Admins-MacBook-Pro.local with PID 56125 (/Users/gnatarajan/Workspace/iot-analyzer/target/classes started by gnatarajan in /Users/gnatarajan/Workspace/iot-analyzer)
2020-06-27 21:48:14.382  INFO 56125 --- [main] com.java.relay42.IotAnalyzerApplication  : No active profile set, falling back to default profiles: default
2020-06-27 21:48:14.867  INFO 56125 --- [main] .s.d.r.c.RepositoryConfigurationDelegate : Bootstrapping Spring Data Reactive Cassandra repositories in DEFAULT mode.
2020-06-27 21:48:14.926  INFO 56125 --- [main] .s.d.r.c.RepositoryConfigurationDelegate : Finished Spring Data repository scanning in 55ms. Found 0 Reactive Cassandra repository interfaces.
2020-06-27 21:48:14.929  INFO 56125 --- [main] .s.d.r.c.RepositoryConfigurationDelegate : Bootstrapping Spring Data Cassandra repositories in DEFAULT mode.
2020-06-27 21:48:14.954  INFO 56125 --- [main] .s.d.r.c.RepositoryConfigurationDelegate : Finished Spring Data repository scanning in 24ms. Found 3 Cassandra repository interfaces.
2020-06-27 21:48:15.185  INFO 56125 --- [main] trationDelegate$BeanPostProcessorChecker : Bean 'org.springframework.security.access.expression.method.DefaultMethodSecurityExpressionHandler@2c383e33' of type [org.springframework.security.access.expression.method.DefaultMethodSecurityExpressionHandler] is not eligible for getting processed by all BeanPostProcessors (for example: not eligible for auto-proxying)
2020-06-27 21:48:15.187  INFO 56125 --- [main] trationDelegate$BeanPostProcessorChecker : Bean 'methodSecurityMetadataSource' of type [org.springframework.security.access.method.DelegatingMethodSecurityMetadataSource] is not eligible for getting processed by all BeanPostProcessors (for example: not eligible for auto-proxying)
2020-06-27 21:48:15.349  INFO 56125 --- [main] o.s.b.w.embedded.tomcat.TomcatWebServer  : Tomcat initialized with port(s): 5678 (http)
2020-06-27 21:48:15.356  INFO 56125 --- [main] o.apache.catalina.core.StandardService   : Starting service [Tomcat]
2020-06-27 21:48:15.357  INFO 56125 --- [main] org.apache.catalina.core.StandardEngine  : Starting Servlet engine: [Apache Tomcat/9.0.34]
2020-06-27 21:48:15.439  INFO 56125 --- [main] o.a.c.c.C.[Tomcat].[localhost].[/]       : Initializing Spring embedded WebApplicationContext
2020-06-27 21:48:15.440  INFO 56125 --- [main] o.s.web.context.ContextLoader            : Root WebApplicationContext: initialization completed in 1020 ms
2020-06-27 21:48:15.532  INFO 56125 --- [main] com.datastax.driver.core                 : DataStax Java driver 3.9.0 for Apache Cassandra
2020-06-27 21:48:15.536  INFO 56125 --- [main] c.d.driver.core.GuavaCompatibility       : Detected Guava >= 19 in the classpath, using modern compatibility layer
2020-06-27 21:48:15.803  INFO 56125 --- [main] com.datastax.driver.core.ClockFactory    : Using native clock to generate timestamps.
2020-06-27 21:48:15.899  WARN 56125 --- [main] com.datastax.driver.core.NettyUtil       : Found Netty's native epoll transport, but not running on linux-based operating system. Using NIO instead.
2020-06-27 21:48:16.256  INFO 56125 --- [main] c.d.d.c.p.DCAwareRoundRobinPolicy        : Using data-center name 'datacenter1' for DCAwareRoundRobinPolicy (if this is incorrect, please provide the correct datacenter name with DCAwareRoundRobinPolicy constructor)
2020-06-27 21:48:16.258  INFO 56125 --- [main] com.datastax.driver.core.Cluster         : New Cassandra host /127.0.0.1:9042 added
2020-06-27 21:48:17.186  INFO 56125 --- [main] o.s.s.web.DefaultSecurityFilterChain     : Creating filter chain: any request, [org.springframework.security.web.context.request.async.WebAsyncManagerIntegrationFilter@e829999, org.springframework.security.web.context.SecurityContextPersistenceFilter@662e682a, org.springframework.security.web.header.HeaderWriterFilter@712ac7e6, org.springframework.security.web.authentication.logout.LogoutFilter@557b6a37, com.java.relay42.security.JwtTokenFilter@66fb45e5, org.springframework.security.web.authentication.www.BasicAuthenticationFilter@3cc30dee, org.springframework.security.web.savedrequest.RequestCacheAwareFilter@649f25f3, org.springframework.security.web.servletapi.SecurityContextHolderAwareRequestFilter@3290b1a6, org.springframework.security.web.authentication.AnonymousAuthenticationFilter@6cbe68e9, org.springframework.security.web.session.SessionManagementFilter@9f86dc3, org.springframework.security.web.access.ExceptionTranslationFilter@4346808, org.springframework.security.web.access.intercept.FilterSecurityInterceptor@57efc6fd]
2020-06-27 21:48:17.338  INFO 56125 --- [main] o.s.s.concurrent.ThreadPoolTaskExecutor  : Initializing ExecutorService 'applicationTaskExecutor'
2020-06-27 21:48:17.928  INFO 56125 --- [main] o.s.b.w.embedded.tomcat.TomcatWebServer  : Tomcat started on port(s): 5678 (http) with context path ''
2020-06-27 21:48:17.930  INFO 56125 --- [main] com.java.relay42.IotAnalyzerApplication  : Started IotAnalyzerApplication in 4.017 seconds (JVM running for 4.337)
2020-06-27 21:48:19.718  INFO 56125 --- [main] com.datastax.driver.core.utils.UUIDs     : PID obtained through native call to getpid(): 56125
2020-06-27 21:48:19.719  INFO 56125 --- [main] com.java.relay42.service.IotService      : updating the tracker object with ams
2020-06-27 21:48:19.723  INFO 56125 --- [main] com.java.relay42.service.IotService      : updating the tracker object with ldn
2020-06-27 21:48:19.725  INFO 56125 --- [main] com.java.relay42.service.IotService      : updating the tracker object with par
2020-06-27 21:48:19.886  INFO 56125 --- [http-nio-5678-exec-2] o.a.c.c.C.[Tomcat].[localhost].[/]       : Initializing Spring DispatcherServlet 'dispatcherServlet'
2020-06-27 21:48:19.886  INFO 56125 --- [http-nio-5678-exec-2] o.s.web.servlet.DispatcherServlet        : Initializing Servlet 'dispatcherServlet'
2020-06-27 21:48:19.891  INFO 56125 --- [http-nio-5678-exec-2] o.s.web.servlet.DispatcherServlet        : Completed initialization in 5 ms
2020-06-27 22:01:02.945 ERROR 56125 --- [http-nio-5678-exec-4] com.java.relay42.util.HeaderUtil         : Entity processing failed, Authentication Denied
2020-06-27 22:01:02.946  WARN 56125 --- [http-nio-5678-exec-4] o.z.problem.spring.common.AdviceTraits   : Bad Request: Authentication Denied
2020-06-27 22:54:20.736  WARN 56125 --- [reactor-http-nio-1] reactor.netty.channel.FluxReceive        : [id: 0xd6bd8b36, L:0.0.0.0/0.0.0.0:57985 ! R:localhost/127.0.0.1:5678] An exception has been observed post termination, use DEBUG level to see the full stack: reactor.core.Exceptions$ErrorCallbackNotImplemented: reactor.netty.http.client.PrematureCloseException: Connection prematurely closed DURING response
2020-06-27 22:54:20.736  WARN 56125 --- [reactor-http-nio-2] reactor.netty.channel.FluxReceive        : [id: 0x95368100, L:0.0.0.0/0.0.0.0:57983 ! R:localhost/127.0.0.1:5678] An exception has been observed post termination, use DEBUG level to see the full stack: reactor.core.Exceptions$ErrorCallbackNotImplemented: reactor.netty.http.client.PrematureCloseException: Connection prematurely closed DURING response
2020-06-27 22:54:20.736  WARN 56125 --- [reactor-http-nio-3] reactor.netty.channel.FluxReceive        : [id: 0xa7f15f1f, L:0.0.0.0/0.0.0.0:57984 ! R:localhost/127.0.0.1:5678] An exception has been observed post termination, use DEBUG level to see the full stack: reactor.core.Exceptions$ErrorCallbackNotImplemented: reactor.netty.http.client.PrematureCloseException: Connection prematurely closed DURING response
2020-06-27 22:54:22.824  INFO 56125 --- [SpringContextShutdownHook] o.s.s.concurrent.ThreadPoolTaskExecutor  : Shutting down ExecutorService 'applicationTaskExecutor'
2020-06-27 22:54:54.566  INFO 56567 --- [main] com.java.relay42.IotAnalyzerApplication  : Starting IotAnalyzerApplication on Admins-MacBook-Pro.local with PID 56567 (/Users/gnatarajan/Workspace/iot-analyzer/target/classes started by gnatarajan in /Users/gnatarajan/Workspace/iot-analyzer)
2020-06-27 22:54:54.568  INFO 56567 --- [main] com.java.relay42.IotAnalyzerApplication  : No active profile set, falling back to default profiles: default
2020-06-27 22:54:55.262  INFO 56567 --- [main] .s.d.r.c.RepositoryConfigurationDelegate : Bootstrapping Spring Data Reactive Cassandra repositories in DEFAULT mode.
2020-06-27 22:54:55.327  INFO 56567 --- [main] .s.d.r.c.RepositoryConfigurationDelegate : Finished Spring Data repository scanning in 60ms. Found 0 Reactive Cassandra repository interfaces.
2020-06-27 22:54:55.330  INFO 56567 --- [main] .s.d.r.c.RepositoryConfigurationDelegate : Bootstrapping Spring Data Cassandra repositories in DEFAULT mode.
2020-06-27 22:54:55.352  INFO 56567 --- [main] .s.d.r.c.RepositoryConfigurationDelegate : Finished Spring Data repository scanning in 21ms. Found 3 Cassandra repository interfaces.
2020-06-27 22:54:55.602  INFO 56567 --- [main] trationDelegate$BeanPostProcessorChecker : Bean 'org.springframework.security.access.expression.method.DefaultMethodSecurityExpressionHandler@36a7abe1' of type [org.springframework.security.access.expression.method.DefaultMethodSecurityExpressionHandler] is not eligible for getting processed by all BeanPostProcessors (for example: not eligible for auto-proxying)
2020-06-27 22:54:55.605  INFO 56567 --- [main] trationDelegate$BeanPostProcessorChecker : Bean 'methodSecurityMetadataSource' of type [org.springframework.security.access.method.DelegatingMethodSecurityMetadataSource] is not eligible for getting processed by all BeanPostProcessors (for example: not eligible for auto-proxying)
2020-06-27 22:54:55.789  INFO 56567 --- [main] o.s.b.w.embedded.tomcat.TomcatWebServer  : Tomcat initialized with port(s): 5678 (http)
2020-06-27 22:54:55.796  INFO 56567 --- [main] o.apache.catalina.core.StandardService   : Starting service [Tomcat]
2020-06-27 22:54:55.797  INFO 56567 --- [main] org.apache.catalina.core.StandardEngine  : Starting Servlet engine: [Apache Tomcat/9.0.34]
2020-06-27 22:54:55.866  INFO 56567 --- [main] o.a.c.c.C.[Tomcat].[localhost].[/]       : Initializing Spring embedded WebApplicationContext
2020-06-27 22:54:55.866  INFO 56567 --- [main] o.s.web.context.ContextLoader            : Root WebApplicationContext: initialization completed in 1255 ms
2020-06-27 22:54:55.963  INFO 56567 --- [main] com.datastax.driver.core                 : DataStax Java driver 3.9.0 for Apache Cassandra
2020-06-27 22:54:55.966  INFO 56567 --- [main] c.d.driver.core.GuavaCompatibility       : Detected Guava >= 19 in the classpath, using modern compatibility layer
2020-06-27 22:54:56.303  INFO 56567 --- [main] com.datastax.driver.core.ClockFactory    : Using native clock to generate timestamps.
2020-06-27 22:54:56.433  WARN 56567 --- [main] com.datastax.driver.core.NettyUtil       : Found Netty's native epoll transport, but not running on linux-based operating system. Using NIO instead.
2020-06-27 22:54:56.923  INFO 56567 --- [main] c.d.d.c.p.DCAwareRoundRobinPolicy        : Using data-center name 'datacenter1' for DCAwareRoundRobinPolicy (if this is incorrect, please provide the correct datacenter name with DCAwareRoundRobinPolicy constructor)
2020-06-27 22:54:56.924  INFO 56567 --- [main] com.datastax.driver.core.Cluster         : New Cassandra host /127.0.0.1:9042 added
2020-06-27 22:54:58.183  INFO 56567 --- [main] o.s.s.web.DefaultSecurityFilterChain     : Creating filter chain: any request, [org.springframework.security.web.context.request.async.WebAsyncManagerIntegrationFilter@fe09383, org.springframework.security.web.context.SecurityContextPersistenceFilter@4816ee24, org.springframework.security.web.header.HeaderWriterFilter@2fd72332, org.springframework.security.web.authentication.logout.LogoutFilter@1989e8c6, com.java.relay42.security.JwtTokenFilter@28e0e464, org.springframework.security.web.authentication.www.BasicAuthenticationFilter@14c141c0, org.springframework.security.web.savedrequest.RequestCacheAwareFilter@73613ae5, org.springframework.security.web.servletapi.SecurityContextHolderAwareRequestFilter@1c33e528, org.springframework.security.web.authentication.AnonymousAuthenticationFilter@1d98daa0, org.springframework.security.web.session.SessionManagementFilter@2bbb44da, org.springframework.security.web.access.ExceptionTranslationFilter@bf75b5c, org.springframework.security.web.access.intercept.FilterSecurityInterceptor@66fb45e5]
2020-06-27 22:54:58.347  INFO 56567 --- [main] o.s.s.concurrent.ThreadPoolTaskExecutor  : Initializing ExecutorService 'applicationTaskExecutor'
2020-06-27 22:54:58.927  INFO 56567 --- [main] o.s.b.w.embedded.tomcat.TomcatWebServer  : Tomcat started on port(s): 5678 (http) with context path ''
2020-06-27 22:54:58.929  INFO 56567 --- [main] com.java.relay42.IotAnalyzerApplication  : Started IotAnalyzerApplication in 4.836 seconds (JVM running for 5.246)
2020-06-27 22:55:00.778  INFO 56567 --- [main] com.datastax.driver.core.utils.UUIDs     : PID obtained through native call to getpid(): 56567
2020-06-27 22:55:00.779  INFO 56567 --- [main] com.java.relay42.service.IotService      : updating the tracker object with ams
2020-06-27 22:55:00.784  INFO 56567 --- [main] com.java.relay42.service.IotService      : updating the tracker object with ldn
2020-06-27 22:55:00.785  INFO 56567 --- [main] com.java.relay42.service.IotService      : updating the tracker object with par
2020-06-27 22:55:00.977  INFO 56567 --- [http-nio-5678-exec-2] o.a.c.c.C.[Tomcat].[localhost].[/]       : Initializing Spring DispatcherServlet 'dispatcherServlet'
2020-06-27 22:55:00.978  INFO 56567 --- [http-nio-5678-exec-2] o.s.web.servlet.DispatcherServlet        : Initializing Servlet 'dispatcherServlet'
2020-06-27 22:55:00.984  INFO 56567 --- [http-nio-5678-exec-2] o.s.web.servlet.DispatcherServlet        : Completed initialization in 6 ms
2020-06-27 23:16:54.044 ERROR 56567 --- [reactor-http-nio-2] r.n.channel.ChannelOperationsHandler     : [id: 0x7ad20060, L:0.0.0.0/0.0.0.0:58836 ! R:localhost/127.0.0.1:5678] Error was received while reading the incoming data. The connection will be closed.

reactor.core.Exceptions$ErrorCallbackNotImplemented: org.springframework.data.cassandra.CassandraInvalidQueryException: SessionCallback; CQL [INSERT INTO readings (station_id,created_date,id,reading) VALUES (77930b01-b8b8-11ea-b17b-8d42820a80a2,1593292613859,863a6331-b8bb-11ea-b17b-8d42820a80a2,211.0);]; unconfigured table readings; nested exception is com.datastax.driver.core.exceptions.InvalidQueryException: unconfigured table readings
Caused by: org.springframework.data.cassandra.CassandraInvalidQueryException: SessionCallback; CQL [INSERT INTO readings (station_id,created_date,id,reading) VALUES (77930b01-b8b8-11ea-b17b-8d42820a80a2,1593292613859,863a6331-b8bb-11ea-b17b-8d42820a80a2,211.0);]; unconfigured table readings; nested exception is com.datastax.driver.core.exceptions.InvalidQueryException: unconfigured table readings
	at org.springframework.data.cassandra.core.cql.CassandraExceptionTranslator.translate(CassandraExceptionTranslator.java:139) ~[spring-data-cassandra-2.2.7.RELEASE.jar:2.2.7.RELEASE]
	at org.springframework.data.cassandra.core.cql.CassandraAccessor.translate(CassandraAccessor.java:334) ~[spring-data-cassandra-2.2.7.RELEASE.jar:2.2.7.RELEASE]
	at org.springframework.data.cassandra.core.cql.CqlTemplate.translateException(CqlTemplate.java:732) ~[spring-data-cassandra-2.2.7.RELEASE.jar:2.2.7.RELEASE]
	at org.springframework.data.cassandra.core.cql.CqlTemplate.execute(CqlTemplate.java:134) ~[spring-data-cassandra-2.2.7.RELEASE.jar:2.2.7.RELEASE]
	at org.springframework.data.cassandra.core.CassandraTemplate.executeSave(CassandraTemplate.java:860) ~[spring-data-cassandra-2.2.7.RELEASE.jar:2.2.7.RELEASE]
	at org.springframework.data.cassandra.core.CassandraTemplate.executeSave(CassandraTemplate.java:851) ~[spring-data-cassandra-2.2.7.RELEASE.jar:2.2.7.RELEASE]
	at org.springframework.data.cassandra.core.CassandraTemplate.doInsert(CassandraTemplate.java:666) ~[spring-data-cassandra-2.2.7.RELEASE.jar:2.2.7.RELEASE]
	at org.springframework.data.cassandra.core.CassandraTemplate.doInsert(CassandraTemplate.java:649) ~[spring-data-cassandra-2.2.7.RELEASE.jar:2.2.7.RELEASE]
	at org.springframework.data.cassandra.core.CassandraTemplate.insert(CassandraTemplate.java:634) ~[spring-data-cassandra-2.2.7.RELEASE.jar:2.2.7.RELEASE]
	at org.springframework.data.cassandra.repository.support.SimpleCassandraRepository.save(SimpleCassandraRepository.java:95) ~[spring-data-cassandra-2.2.7.RELEASE.jar:2.2.7.RELEASE]
	at sun.reflect.GeneratedMethodAccessor48.invoke(Unknown Source) ~[na:na]
	at sun.reflect.DelegatingMethodAccessorImpl.invoke(DelegatingMethodAccessorImpl.java:43) ~[na:1.8.0_241]
	at java.lang.reflect.Method.invoke(Method.java:498) ~[na:1.8.0_241]
	at org.springframework.data.repository.core.support.RepositoryComposition$RepositoryFragments.invoke(RepositoryComposition.java:371) ~[spring-data-commons-2.2.7.RELEASE.jar:2.2.7.RELEASE]
	at org.springframework.data.repository.core.support.RepositoryComposition.invoke(RepositoryComposition.java:204) ~[spring-data-commons-2.2.7.RELEASE.jar:2.2.7.RELEASE]
	at org.springframework.data.repository.core.support.RepositoryFactorySupport$ImplementationMethodExecutionInterceptor.invoke(RepositoryFactorySupport.java:657) ~[spring-data-commons-2.2.7.RELEASE.jar:2.2.7.RELEASE]
	at org.springframework.aop.framework.ReflectiveMethodInvocation.proceed(ReflectiveMethodInvocation.java:186) ~[spring-aop-5.2.6.RELEASE.jar:5.2.6.RELEASE]
	at org.springframework.data.repository.core.support.RepositoryFactorySupport$QueryExecutorMethodInterceptor.doInvoke(RepositoryFactorySupport.java:621) ~[spring-data-commons-2.2.7.RELEASE.jar:2.2.7.RELEASE]
	at org.springframework.data.repository.core.support.RepositoryFactorySupport$QueryExecutorMethodInterceptor.invoke(RepositoryFactorySupport.java:605) ~[spring-data-commons-2.2.7.RELEASE.jar:2.2.7.RELEASE]
	at org.springframework.aop.framework.ReflectiveMethodInvocation.proceed(ReflectiveMethodInvocation.java:186) ~[spring-aop-5.2.6.RELEASE.jar:5.2.6.RELEASE]
	at org.springframework.data.projection.DefaultMethodInvokingMethodInterceptor.invoke(DefaultMethodInvokingMethodInterceptor.java:80) ~[spring-data-commons-2.2.7.RELEASE.jar:2.2.7.RELEASE]
	at org.springframework.aop.framework.ReflectiveMethodInvocation.proceed(ReflectiveMethodInvocation.java:186) ~[spring-aop-5.2.6.RELEASE.jar:5.2.6.RELEASE]
	at org.springframework.aop.interceptor.ExposeInvocationInterceptor.invoke(ExposeInvocationInterceptor.java:95) ~[spring-aop-5.2.6.RELEASE.jar:5.2.6.RELEASE]
	at org.springframework.aop.framework.ReflectiveMethodInvocation.proceed(ReflectiveMethodInvocation.java:186) ~[spring-aop-5.2.6.RELEASE.jar:5.2.6.RELEASE]
	at org.springframework.aop.framework.JdkDynamicAopProxy.invoke(JdkDynamicAopProxy.java:212) ~[spring-aop-5.2.6.RELEASE.jar:5.2.6.RELEASE]
	at com.sun.proxy.$Proxy112.save(Unknown Source) ~[na:na]
	at sun.reflect.GeneratedMethodAccessor49.invoke(Unknown Source) ~[na:na]
	at sun.reflect.DelegatingMethodAccessorImpl.invoke(DelegatingMethodAccessorImpl.java:43) ~[na:1.8.0_241]
	at java.lang.reflect.Method.invoke(Method.java:498) ~[na:1.8.0_241]
	at org.springframework.aop.support.AopUtils.invokeJoinpointUsingReflection(AopUtils.java:344) ~[spring-aop-5.2.6.RELEASE.jar:5.2.6.RELEASE]
	at org.springframework.aop.framework.ReflectiveMethodInvocation.invokeJoinpoint(ReflectiveMethodInvocation.java:198) ~[spring-aop-5.2.6.RELEASE.jar:5.2.6.RELEASE]
	at org.springframework.aop.framework.ReflectiveMethodInvocation.proceed(ReflectiveMethodInvocation.java:163) ~[spring-aop-5.2.6.RELEASE.jar:5.2.6.RELEASE]
	at org.springframework.dao.support.PersistenceExceptionTranslationInterceptor.invoke(PersistenceExceptionTranslationInterceptor.java:139) ~[spring-tx-5.2.6.RELEASE.jar:5.2.6.RELEASE]
	at org.springframework.aop.framework.ReflectiveMethodInvocation.proceed(ReflectiveMethodInvocation.java:186) ~[spring-aop-5.2.6.RELEASE.jar:5.2.6.RELEASE]
	at org.springframework.aop.framework.JdkDynamicAopProxy.invoke(JdkDynamicAopProxy.java:212) ~[spring-aop-5.2.6.RELEASE.jar:5.2.6.RELEASE]
	at com.sun.proxy.$Proxy112.save(Unknown Source) ~[na:na]
	at com.java.relay42.service.IotService.buildReadingObjForPersist(IotService.java:79) ~[classes/:na]
	at com.java.relay42.config.IotConfiguration.lambda$null$2(IotConfiguration.java:66) ~[classes/:na]
	at reactor.core.publisher.LambdaSubscriber.onNext(LambdaSubscriber.java:160) ~[reactor-core-3.3.5.RELEASE.jar:3.3.5.RELEASE]
	at reactor.core.publisher.MonoFlatMapMany$FlatMapManyInner.onNext(MonoFlatMapMany.java:242) ~[reactor-core-3.3.5.RELEASE.jar:3.3.5.RELEASE]
	at reactor.core.publisher.FluxOnAssembly$OnAssemblySubscriber.onNext(FluxOnAssembly.java:385) ~[reactor-core-3.3.5.RELEASE.jar:3.3.5.RELEASE]
	at reactor.core.publisher.FluxConcatMap$ConcatMapImmediate.drain(FluxConcatMap.java:421) ~[reactor-core-3.3.5.RELEASE.jar:3.3.5.RELEASE]
	at reactor.core.publisher.FluxConcatMap$ConcatMapImmediate.onNext(FluxConcatMap.java:243) ~[reactor-core-3.3.5.RELEASE.jar:3.3.5.RELEASE]
	at reactor.core.publisher.FluxBufferPredicate$BufferPredicateSubscriber.onNextNewBuffer(FluxBufferPredicate.java:274) ~[reactor-core-3.3.5.RELEASE.jar:3.3.5.RELEASE]
	at reactor.core.publisher.FluxBufferPredicate$BufferPredicateSubscriber.tryOnNext(FluxBufferPredicate.java:213) ~[reactor-core-3.3.5.RELEASE.jar:3.3.5.RELEASE]
	at reactor.core.publisher.FluxBufferPredicate$BufferPredicateSubscriber.onNext(FluxBufferPredicate.java:186) ~[reactor-core-3.3.5.RELEASE.jar:3.3.5.RELEASE]
	at reactor.core.publisher.FluxPeekFuseable$PeekConditionalSubscriber.onNext(FluxPeekFuseable.java:845) ~[reactor-core-3.3.5.RELEASE.jar:3.3.5.RELEASE]
	at reactor.core.publisher.FluxMap$MapConditionalSubscriber.onNext(FluxMap.java:213) ~[reactor-core-3.3.5.RELEASE.jar:3.3.5.RELEASE]
	at reactor.core.publisher.FluxContextStart$ContextStartSubscriber.onNext(FluxContextStart.java:96) ~[reactor-core-3.3.5.RELEASE.jar:3.3.5.RELEASE]
	at reactor.core.publisher.FluxMap$MapConditionalSubscriber.onNext(FluxMap.java:213) ~[reactor-core-3.3.5.RELEASE.jar:3.3.5.RELEASE]
	at reactor.core.publisher.FluxBufferPredicate$BufferPredicateSubscriber.onNextNewBuffer(FluxBufferPredicate.java:274) ~[reactor-core-3.3.5.RELEASE.jar:3.3.5.RELEASE]
	at reactor.core.publisher.FluxBufferPredicate$BufferPredicateSubscriber.tryOnNext(FluxBufferPredicate.java:213) ~[reactor-core-3.3.5.RELEASE.jar:3.3.5.RELEASE]
	at reactor.core.publisher.FluxBufferPredicate$BufferPredicateSubscriber.onNext(FluxBufferPredicate.java:186) ~[reactor-core-3.3.5.RELEASE.jar:3.3.5.RELEASE]
	at reactor.core.publisher.FluxPeekFuseable$PeekFuseableConditionalSubscriber.onNext(FluxPeekFuseable.java:495) ~[reactor-core-3.3.5.RELEASE.jar:3.3.5.RELEASE]
	at reactor.core.publisher.FluxFlattenIterable$FlattenIterableSubscriber.drainAsync(FluxFlattenIterable.java:414) ~[reactor-core-3.3.5.RELEASE.jar:3.3.5.RELEASE]
	at reactor.core.publisher.FluxFlattenIterable$FlattenIterableSubscriber.drain(FluxFlattenIterable.java:679) ~[reactor-core-3.3.5.RELEASE.jar:3.3.5.RELEASE]
	at reactor.core.publisher.FluxFlattenIterable$FlattenIterableSubscriber.onNext(FluxFlattenIterable.java:243) ~[reactor-core-3.3.5.RELEASE.jar:3.3.5.RELEASE]
	at reactor.core.publisher.FluxMap$MapSubscriber.onNext(FluxMap.java:114) ~[reactor-core-3.3.5.RELEASE.jar:3.3.5.RELEASE]
	at reactor.core.publisher.FluxPeek$PeekSubscriber.onNext(FluxPeek.java:192) ~[reactor-core-3.3.5.RELEASE.jar:3.3.5.RELEASE]
	at reactor.core.publisher.FluxPeek$PeekSubscriber.onNext(FluxPeek.java:192) ~[reactor-core-3.3.5.RELEASE.jar:3.3.5.RELEASE]
	at reactor.core.publisher.FluxMap$MapSubscriber.onNext(FluxMap.java:114) ~[reactor-core-3.3.5.RELEASE.jar:3.3.5.RELEASE]
	at reactor.netty.channel.FluxReceive.drainReceiver(FluxReceive.java:220) ~[reactor-netty-0.9.7.RELEASE.jar:0.9.7.RELEASE]
	at reactor.netty.channel.FluxReceive.onInboundNext(FluxReceive.java:354) ~[reactor-netty-0.9.7.RELEASE.jar:0.9.7.RELEASE]
	at reactor.netty.channel.ChannelOperations.onInboundNext(ChannelOperations.java:352) ~[reactor-netty-0.9.7.RELEASE.jar:0.9.7.RELEASE]
	at reactor.netty.http.client.HttpClientOperations.onInboundNext(HttpClientOperations.java:629) ~[reactor-netty-0.9.7.RELEASE.jar:0.9.7.RELEASE]
	at reactor.netty.channel.ChannelOperationsHandler.channelRead(ChannelOperationsHandler.java:96) ~[reactor-netty-0.9.7.RELEASE.jar:0.9.7.RELEASE]
	at io.netty.channel.AbstractChannelHandlerContext.invokeChannelRead(AbstractChannelHandlerContext.java:379) [netty-transport-4.1.49.Final.jar:4.1.49.Final]
	at io.netty.channel.AbstractChannelHandlerContext.invokeChannelRead(AbstractChannelHandlerContext.java:365) [netty-transport-4.1.49.Final.jar:4.1.49.Final]
	at io.netty.channel.AbstractChannelHandlerContext.fireChannelRead(AbstractChannelHandlerContext.java:357) [netty-transport-4.1.49.Final.jar:4.1.49.Final]
	at io.netty.handler.codec.MessageToMessageDecoder.channelRead(MessageToMessageDecoder.java:103) [netty-codec-4.1.49.Final.jar:4.1.49.Final]
	at io.netty.channel.AbstractChannelHandlerContext.invokeChannelRead(AbstractChannelHandlerContext.java:379) [netty-transport-4.1.49.Final.jar:4.1.49.Final]
	at io.netty.channel.AbstractChannelHandlerContext.invokeChannelRead(AbstractChannelHandlerContext.java:365) [netty-transport-4.1.49.Final.jar:4.1.49.Final]
	at io.netty.channel.AbstractChannelHandlerContext.fireChannelRead(AbstractChannelHandlerContext.java:357) [netty-transport-4.1.49.Final.jar:4.1.49.Final]
	at io.netty.channel.CombinedChannelDuplexHandler$DelegatingChannelHandlerContext.fireChannelRead(CombinedChannelDuplexHandler.java:436) [netty-transport-4.1.49.Final.jar:4.1.49.Final]
	at io.netty.handler.codec.ByteToMessageDecoder.fireChannelRead(ByteToMessageDecoder.java:324) [netty-codec-4.1.49.Final.jar:4.1.49.Final]
	at io.netty.handler.codec.ByteToMessageDecoder.channelRead(ByteToMessageDecoder.java:296) [netty-codec-4.1.49.Final.jar:4.1.49.Final]
	at io.netty.channel.CombinedChannelDuplexHandler.channelRead(CombinedChannelDuplexHandler.java:251) [netty-transport-4.1.49.Final.jar:4.1.49.Final]
	at io.netty.channel.AbstractChannelHandlerContext.invokeChannelRead(AbstractChannelHandlerContext.java:379) [netty-transport-4.1.49.Final.jar:4.1.49.Final]
	at io.netty.channel.AbstractChannelHandlerContext.invokeChannelRead(AbstractChannelHandlerContext.java:365) [netty-transport-4.1.49.Final.jar:4.1.49.Final]
	at io.netty.channel.AbstractChannelHandlerContext.fireChannelRead(AbstractChannelHandlerContext.java:357) [netty-transport-4.1.49.Final.jar:4.1.49.Final]
	at io.netty.channel.DefaultChannelPipeline$HeadContext.channelRead(DefaultChannelPipeline.java:1410) [netty-transport-4.1.49.Final.jar:4.1.49.Final]
	at io.netty.channel.AbstractChannelHandlerContext.invokeChannelRead(AbstractChannelHandlerContext.java:379) [netty-transport-4.1.49.Final.jar:4.1.49.Final]
	at io.netty.channel.AbstractChannelHandlerContext.invokeChannelRead(AbstractChannelHandlerContext.java:365) [netty-transport-4.1.49.Final.jar:4.1.49.Final]
	at io.netty.channel.DefaultChannelPipeline.fireChannelRead(DefaultChannelPipeline.java:919) [netty-transport-4.1.49.Final.jar:4.1.49.Final]
	at io.netty.channel.nio.AbstractNioByteChannel$NioByteUnsafe.read(AbstractNioByteChannel.java:163) [netty-transport-4.1.49.Final.jar:4.1.49.Final]
	at io.netty.channel.nio.NioEventLoop.processSelectedKey(NioEventLoop.java:714) [netty-transport-4.1.49.Final.jar:4.1.49.Final]
	at io.netty.channel.nio.NioEventLoop.processSelectedKeysOptimized(NioEventLoop.java:650) [netty-transport-4.1.49.Final.jar:4.1.49.Final]
	at io.netty.channel.nio.NioEventLoop.processSelectedKeys(NioEventLoop.java:576) [netty-transport-4.1.49.Final.jar:4.1.49.Final]
	at io.netty.channel.nio.NioEventLoop.run(NioEventLoop.java:493) [netty-transport-4.1.49.Final.jar:4.1.49.Final]
	at io.netty.util.concurrent.SingleThreadEventExecutor$4.run(SingleThreadEventExecutor.java:989) [netty-common-4.1.49.Final.jar:4.1.49.Final]
	at io.netty.util.internal.ThreadExecutorMap$2.run(ThreadExecutorMap.java:74) [netty-common-4.1.49.Final.jar:4.1.49.Final]
	at io.netty.util.concurrent.FastThreadLocalRunnable.run(FastThreadLocalRunnable.java:30) [netty-common-4.1.49.Final.jar:4.1.49.Final]
	at java.lang.Thread.run(Thread.java:748) [na:1.8.0_241]
Caused by: com.datastax.driver.core.exceptions.InvalidQueryException: unconfigured table readings
	at com.datastax.driver.core.exceptions.InvalidQueryException.copy(InvalidQueryException.java:50) ~[cassandra-driver-core-3.9.0.jar:na]
	at com.datastax.driver.core.DriverThrowables.propagateCause(DriverThrowables.java:35) ~[cassandra-driver-core-3.9.0.jar:na]
	at com.datastax.driver.core.DefaultResultSetFuture.getUninterruptibly(DefaultResultSetFuture.java:293) ~[cassandra-driver-core-3.9.0.jar:na]
	at com.datastax.driver.core.AbstractSession.execute(AbstractSession.java:58) ~[cassandra-driver-core-3.9.0.jar:na]
	at org.springframework.data.cassandra.core.CassandraTemplate$StatementCallback.doInSession(CassandraTemplate.java:974) ~[spring-data-cassandra-2.2.7.RELEASE.jar:2.2.7.RELEASE]
	at org.springframework.data.cassandra.core.CassandraTemplate$StatementCallback.doInSession(CassandraTemplate.java:964) ~[spring-data-cassandra-2.2.7.RELEASE.jar:2.2.7.RELEASE]
	at org.springframework.data.cassandra.core.cql.CqlTemplate.execute(CqlTemplate.java:132) ~[spring-data-cassandra-2.2.7.RELEASE.jar:2.2.7.RELEASE]
	... 89 common frames omitted
Caused by: com.datastax.driver.core.exceptions.InvalidQueryException: unconfigured table readings
	at com.datastax.driver.core.Responses$Error.asException(Responses.java:181) ~[cassandra-driver-core-3.9.0.jar:na]
	at com.datastax.driver.core.DefaultResultSetFuture.onSet(DefaultResultSetFuture.java:215) ~[cassandra-driver-core-3.9.0.jar:na]
	at com.datastax.driver.core.RequestHandler.setFinalResult(RequestHandler.java:235) ~[cassandra-driver-core-3.9.0.jar:na]
	at com.datastax.driver.core.RequestHandler.access$2600(RequestHandler.java:61) ~[cassandra-driver-core-3.9.0.jar:na]
	at com.datastax.driver.core.RequestHandler$SpeculativeExecution.setFinalResult(RequestHandler.java:1011) ~[cassandra-driver-core-3.9.0.jar:na]
	at com.datastax.driver.core.RequestHandler$SpeculativeExecution.onSet(RequestHandler.java:814) ~[cassandra-driver-core-3.9.0.jar:na]
	at com.datastax.driver.core.Connection$Dispatcher.channelRead0(Connection.java:1262) ~[cassandra-driver-core-3.9.0.jar:na]
	at com.datastax.driver.core.Connection$Dispatcher.channelRead0(Connection.java:1180) ~[cassandra-driver-core-3.9.0.jar:na]
	at io.netty.channel.SimpleChannelInboundHandler.channelRead(SimpleChannelInboundHandler.java:99) ~[netty-transport-4.1.49.Final.jar:4.1.49.Final]
	at io.netty.channel.AbstractChannelHandlerContext.invokeChannelRead(AbstractChannelHandlerContext.java:379) [netty-transport-4.1.49.Final.jar:4.1.49.Final]
	at io.netty.channel.AbstractChannelHandlerContext.invokeChannelRead(AbstractChannelHandlerContext.java:365) [netty-transport-4.1.49.Final.jar:4.1.49.Final]
	at io.netty.channel.AbstractChannelHandlerContext.fireChannelRead(AbstractChannelHandlerContext.java:357) [netty-transport-4.1.49.Final.jar:4.1.49.Final]
	at io.netty.handler.timeout.IdleStateHandler.channelRead(IdleStateHandler.java:286) ~[netty-handler-4.1.49.Final.jar:4.1.49.Final]
	at io.netty.channel.AbstractChannelHandlerContext.invokeChannelRead(AbstractChannelHandlerContext.java:379) [netty-transport-4.1.49.Final.jar:4.1.49.Final]
	at io.netty.channel.AbstractChannelHandlerContext.invokeChannelRead(AbstractChannelHandlerContext.java:365) [netty-transport-4.1.49.Final.jar:4.1.49.Final]
	at io.netty.channel.AbstractChannelHandlerContext.fireChannelRead(AbstractChannelHandlerContext.java:357) [netty-transport-4.1.49.Final.jar:4.1.49.Final]
	at io.netty.handler.codec.MessageToMessageDecoder.channelRead(MessageToMessageDecoder.java:103) [netty-codec-4.1.49.Final.jar:4.1.49.Final]
	at io.netty.channel.AbstractChannelHandlerContext.invokeChannelRead(AbstractChannelHandlerContext.java:379) [netty-transport-4.1.49.Final.jar:4.1.49.Final]
	at io.netty.channel.AbstractChannelHandlerContext.invokeChannelRead(AbstractChannelHandlerContext.java:365) [netty-transport-4.1.49.Final.jar:4.1.49.Final]
	at io.netty.channel.AbstractChannelHandlerContext.fireChannelRead(AbstractChannelHandlerContext.java:357) [netty-transport-4.1.49.Final.jar:4.1.49.Final]
	at io.netty.handler.codec.ByteToMessageDecoder.fireChannelRead(ByteToMessageDecoder.java:324) [netty-codec-4.1.49.Final.jar:4.1.49.Final]
	at io.netty.handler.codec.ByteToMessageDecoder.fireChannelRead(ByteToMessageDecoder.java:311) [netty-codec-4.1.49.Final.jar:4.1.49.Final]
	at io.netty.handler.codec.ByteToMessageDecoder.callDecode(ByteToMessageDecoder.java:425) [netty-codec-4.1.49.Final.jar:4.1.49.Final]
	at io.netty.handler.codec.ByteToMessageDecoder.channelRead(ByteToMessageDecoder.java:276) [netty-codec-4.1.49.Final.jar:4.1.49.Final]
	at io.netty.channel.AbstractChannelHandlerContext.invokeChannelRead(AbstractChannelHandlerContext.java:379) [netty-transport-4.1.49.Final.jar:4.1.49.Final]
	at io.netty.channel.AbstractChannelHandlerContext.invokeChannelRead(AbstractChannelHandlerContext.java:365) [netty-transport-4.1.49.Final.jar:4.1.49.Final]
	at io.netty.channel.AbstractChannelHandlerContext.fireChannelRead(AbstractChannelHandlerContext.java:357) [netty-transport-4.1.49.Final.jar:4.1.49.Final]
	at io.netty.channel.ChannelInboundHandlerAdapter.channelRead(ChannelInboundHandlerAdapter.java:93) ~[netty-transport-4.1.49.Final.jar:4.1.49.Final]
	at com.datastax.driver.core.InboundTrafficMeter.channelRead(InboundTrafficMeter.java:38) ~[cassandra-driver-core-3.9.0.jar:na]
	... 16 common frames omitted

2020-06-27 23:16:54.045 ERROR 56567 --- [reactor-http-nio-3] r.n.channel.ChannelOperationsHandler     : [id: 0xf3cad696, L:0.0.0.0/0.0.0.0:58837 ! R:localhost/127.0.0.1:5678] Error was received while reading the incoming data. The connection will be closed.

reactor.core.Exceptions$ErrorCallbackNotImplemented: org.springframework.data.cassandra.CassandraInvalidQueryException: SessionCallback; CQL [INSERT INTO readings (station_id,created_date,id,reading) VALUES (77933211-b8b8-11ea-b17b-8d42820a80a2,1593292613859,863a6330-b8bb-11ea-b17b-8d42820a80a2,30.0);]; unconfigured table readings; nested exception is com.datastax.driver.core.exceptions.InvalidQueryException: unconfigured table readings
Caused by: org.springframework.data.cassandra.CassandraInvalidQueryException: SessionCallback; CQL [INSERT INTO readings (station_id,created_date,id,reading) VALUES (77933211-b8b8-11ea-b17b-8d42820a80a2,1593292613859,863a6330-b8bb-11ea-b17b-8d42820a80a2,30.0);]; unconfigured table readings; nested exception is com.datastax.driver.core.exceptions.InvalidQueryException: unconfigured table readings
	at org.springframework.data.cassandra.core.cql.CassandraExceptionTranslator.translate(CassandraExceptionTranslator.java:139) ~[spring-data-cassandra-2.2.7.RELEASE.jar:2.2.7.RELEASE]
	at org.springframework.data.cassandra.core.cql.CassandraAccessor.translate(CassandraAccessor.java:334) ~[spring-data-cassandra-2.2.7.RELEASE.jar:2.2.7.RELEASE]
	at org.springframework.data.cassandra.core.cql.CqlTemplate.translateException(CqlTemplate.java:732) ~[spring-data-cassandra-2.2.7.RELEASE.jar:2.2.7.RELEASE]
	at org.springframework.data.cassandra.core.cql.CqlTemplate.execute(CqlTemplate.java:134) ~[spring-data-cassandra-2.2.7.RELEASE.jar:2.2.7.RELEASE]
	at org.springframework.data.cassandra.core.CassandraTemplate.executeSave(CassandraTemplate.java:860) ~[spring-data-cassandra-2.2.7.RELEASE.jar:2.2.7.RELEASE]
	at org.springframework.data.cassandra.core.CassandraTemplate.executeSave(CassandraTemplate.java:851) ~[spring-data-cassandra-2.2.7.RELEASE.jar:2.2.7.RELEASE]
	at org.springframework.data.cassandra.core.CassandraTemplate.doInsert(CassandraTemplate.java:666) ~[spring-data-cassandra-2.2.7.RELEASE.jar:2.2.7.RELEASE]
	at org.springframework.data.cassandra.core.CassandraTemplate.doInsert(CassandraTemplate.java:649) ~[spring-data-cassandra-2.2.7.RELEASE.jar:2.2.7.RELEASE]
	at org.springframework.data.cassandra.core.CassandraTemplate.insert(CassandraTemplate.java:634) ~[spring-data-cassandra-2.2.7.RELEASE.jar:2.2.7.RELEASE]
	at org.springframework.data.cassandra.repository.support.SimpleCassandraRepository.save(SimpleCassandraRepository.java:95) ~[spring-data-cassandra-2.2.7.RELEASE.jar:2.2.7.RELEASE]
	at sun.reflect.GeneratedMethodAccessor48.invoke(Unknown Source) ~[na:na]
	at sun.reflect.DelegatingMethodAccessorImpl.invoke(DelegatingMethodAccessorImpl.java:43) ~[na:1.8.0_241]
	at java.lang.reflect.Method.invoke(Method.java:498) ~[na:1.8.0_241]
	at org.springframework.data.repository.core.support.RepositoryComposition$RepositoryFragments.invoke(RepositoryComposition.java:371) ~[spring-data-commons-2.2.7.RELEASE.jar:2.2.7.RELEASE]
	at org.springframework.data.repository.core.support.RepositoryComposition.invoke(RepositoryComposition.java:204) ~[spring-data-commons-2.2.7.RELEASE.jar:2.2.7.RELEASE]
	at org.springframework.data.repository.core.support.RepositoryFactorySupport$ImplementationMethodExecutionInterceptor.invoke(RepositoryFactorySupport.java:657) ~[spring-data-commons-2.2.7.RELEASE.jar:2.2.7.RELEASE]
	at org.springframework.aop.framework.ReflectiveMethodInvocation.proceed(ReflectiveMethodInvocation.java:186) ~[spring-aop-5.2.6.RELEASE.jar:5.2.6.RELEASE]
	at org.springframework.data.repository.core.support.RepositoryFactorySupport$QueryExecutorMethodInterceptor.doInvoke(RepositoryFactorySupport.java:621) ~[spring-data-commons-2.2.7.RELEASE.jar:2.2.7.RELEASE]
	at org.springframework.data.repository.core.support.RepositoryFactorySupport$QueryExecutorMethodInterceptor.invoke(RepositoryFactorySupport.java:605) ~[spring-data-commons-2.2.7.RELEASE.jar:2.2.7.RELEASE]
	at org.springframework.aop.framework.ReflectiveMethodInvocation.proceed(ReflectiveMethodInvocation.java:186) ~[spring-aop-5.2.6.RELEASE.jar:5.2.6.RELEASE]
	at org.springframework.data.projection.DefaultMethodInvokingMethodInterceptor.invoke(DefaultMethodInvokingMethodInterceptor.java:80) ~[spring-data-commons-2.2.7.RELEASE.jar:2.2.7.RELEASE]
	at org.springframework.aop.framework.ReflectiveMethodInvocation.proceed(ReflectiveMethodInvocation.java:186) ~[spring-aop-5.2.6.RELEASE.jar:5.2.6.RELEASE]
	at org.springframework.aop.interceptor.ExposeInvocationInterceptor.invoke(ExposeInvocationInterceptor.java:95) ~[spring-aop-5.2.6.RELEASE.jar:5.2.6.RELEASE]
	at org.springframework.aop.framework.ReflectiveMethodInvocation.proceed(ReflectiveMethodInvocation.java:186) ~[spring-aop-5.2.6.RELEASE.jar:5.2.6.RELEASE]
	at org.springframework.aop.framework.JdkDynamicAopProxy.invoke(JdkDynamicAopProxy.java:212) ~[spring-aop-5.2.6.RELEASE.jar:5.2.6.RELEASE]
	at com.sun.proxy.$Proxy112.save(Unknown Source) ~[na:na]
	at sun.reflect.GeneratedMethodAccessor49.invoke(Unknown Source) ~[na:na]
	at sun.reflect.DelegatingMethodAccessorImpl.invoke(DelegatingMethodAccessorImpl.java:43) ~[na:1.8.0_241]
	at java.lang.reflect.Method.invoke(Method.java:498) ~[na:1.8.0_241]
	at org.springframework.aop.support.AopUtils.invokeJoinpointUsingReflection(AopUtils.java:344) ~[spring-aop-5.2.6.RELEASE.jar:5.2.6.RELEASE]
	at org.springframework.aop.framework.ReflectiveMethodInvocation.invokeJoinpoint(ReflectiveMethodInvocation.java:198) ~[spring-aop-5.2.6.RELEASE.jar:5.2.6.RELEASE]
	at org.springframework.aop.framework.ReflectiveMethodInvocation.proceed(ReflectiveMethodInvocation.java:163) ~[spring-aop-5.2.6.RELEASE.jar:5.2.6.RELEASE]
	at org.springframework.dao.support.PersistenceExceptionTranslationInterceptor.invoke(PersistenceExceptionTranslationInterceptor.java:139) ~[spring-tx-5.2.6.RELEASE.jar:5.2.6.RELEASE]
	at org.springframework.aop.framework.ReflectiveMethodInvocation.proceed(ReflectiveMethodInvocation.java:186) ~[spring-aop-5.2.6.RELEASE.jar:5.2.6.RELEASE]
	at org.springframework.aop.framework.JdkDynamicAopProxy.invoke(JdkDynamicAopProxy.java:212) ~[spring-aop-5.2.6.RELEASE.jar:5.2.6.RELEASE]
	at com.sun.proxy.$Proxy112.save(Unknown Source) ~[na:na]
	at com.java.relay42.service.IotService.buildReadingObjForPersist(IotService.java:79) ~[classes/:na]
	at com.java.relay42.config.IotConfiguration.lambda$null$4(IotConfiguration.java:83) ~[classes/:na]
	at reactor.core.publisher.LambdaSubscriber.onNext(LambdaSubscriber.java:160) ~[reactor-core-3.3.5.RELEASE.jar:3.3.5.RELEASE]
	at reactor.core.publisher.MonoFlatMapMany$FlatMapManyInner.onNext(MonoFlatMapMany.java:242) ~[reactor-core-3.3.5.RELEASE.jar:3.3.5.RELEASE]
	at reactor.core.publisher.FluxOnAssembly$OnAssemblySubscriber.onNext(FluxOnAssembly.java:385) ~[reactor-core-3.3.5.RELEASE.jar:3.3.5.RELEASE]
	at reactor.core.publisher.FluxConcatMap$ConcatMapImmediate.drain(FluxConcatMap.java:421) ~[reactor-core-3.3.5.RELEASE.jar:3.3.5.RELEASE]
	at reactor.core.publisher.FluxConcatMap$ConcatMapImmediate.onNext(FluxConcatMap.java:243) ~[reactor-core-3.3.5.RELEASE.jar:3.3.5.RELEASE]
	at reactor.core.publisher.FluxBufferPredicate$BufferPredicateSubscriber.onNextNewBuffer(FluxBufferPredicate.java:274) ~[reactor-core-3.3.5.RELEASE.jar:3.3.5.RELEASE]
	at reactor.core.publisher.FluxBufferPredicate$BufferPredicateSubscriber.tryOnNext(FluxBufferPredicate.java:213) ~[reactor-core-3.3.5.RELEASE.jar:3.3.5.RELEASE]
	at reactor.core.publisher.FluxBufferPredicate$BufferPredicateSubscriber.onNext(FluxBufferPredicate.java:186) ~[reactor-core-3.3.5.RELEASE.jar:3.3.5.RELEASE]
	at reactor.core.publisher.FluxPeekFuseable$PeekConditionalSubscriber.onNext(FluxPeekFuseable.java:845) ~[reactor-core-3.3.5.RELEASE.jar:3.3.5.RELEASE]
	at reactor.core.publisher.FluxMap$MapConditionalSubscriber.onNext(FluxMap.java:213) ~[reactor-core-3.3.5.RELEASE.jar:3.3.5.RELEASE]
	at reactor.core.publisher.FluxContextStart$ContextStartSubscriber.onNext(FluxContextStart.java:96) ~[reactor-core-3.3.5.RELEASE.jar:3.3.5.RELEASE]
	at reactor.core.publisher.FluxMap$MapConditionalSubscriber.onNext(FluxMap.java:213) ~[reactor-core-3.3.5.RELEASE.jar:3.3.5.RELEASE]
	at reactor.core.publisher.FluxBufferPredicate$BufferPredicateSubscriber.onNextNewBuffer(FluxBufferPredicate.java:274) ~[reactor-core-3.3.5.RELEASE.jar:3.3.5.RELEASE]
	at reactor.core.publisher.FluxBufferPredicate$BufferPredicateSubscriber.tryOnNext(FluxBufferPredicate.java:213) ~[reactor-core-3.3.5.RELEASE.jar:3.3.5.RELEASE]
	at reactor.core.publisher.FluxBufferPredicate$BufferPredicateSubscriber.onNext(FluxBufferPredicate.java:186) ~[reactor-core-3.3.5.RELEASE.jar:3.3.5.RELEASE]
	at reactor.core.publisher.FluxPeekFuseable$PeekFuseableConditionalSubscriber.onNext(FluxPeekFuseable.java:495) ~[reactor-core-3.3.5.RELEASE.jar:3.3.5.RELEASE]
	at reactor.core.publisher.FluxFlattenIterable$FlattenIterableSubscriber.drainAsync(FluxFlattenIterable.java:414) ~[reactor-core-3.3.5.RELEASE.jar:3.3.5.RELEASE]
	at reactor.core.publisher.FluxFlattenIterable$FlattenIterableSubscriber.drain(FluxFlattenIterable.java:679) ~[reactor-core-3.3.5.RELEASE.jar:3.3.5.RELEASE]
	at reactor.core.publisher.FluxFlattenIterable$FlattenIterableSubscriber.onNext(FluxFlattenIterable.java:243) ~[reactor-core-3.3.5.RELEASE.jar:3.3.5.RELEASE]
	at reactor.core.publisher.FluxMap$MapSubscriber.onNext(FluxMap.java:114) ~[reactor-core-3.3.5.RELEASE.jar:3.3.5.RELEASE]
	at reactor.core.publisher.FluxPeek$PeekSubscriber.onNext(FluxPeek.java:192) ~[reactor-core-3.3.5.RELEASE.jar:3.3.5.RELEASE]
	at reactor.core.publisher.FluxPeek$PeekSubscriber.onNext(FluxPeek.java:192) ~[reactor-core-3.3.5.RELEASE.jar:3.3.5.RELEASE]
	at reactor.core.publisher.FluxMap$MapSubscriber.onNext(FluxMap.java:114) ~[reactor-core-3.3.5.RELEASE.jar:3.3.5.RELEASE]
	at reactor.netty.channel.FluxReceive.drainReceiver(FluxReceive.java:220) ~[reactor-netty-0.9.7.RELEASE.jar:0.9.7.RELEASE]
	at reactor.netty.channel.FluxReceive.onInboundNext(FluxReceive.java:354) ~[reactor-netty-0.9.7.RELEASE.jar:0.9.7.RELEASE]
	at reactor.netty.channel.ChannelOperations.onInboundNext(ChannelOperations.java:352) ~[reactor-netty-0.9.7.RELEASE.jar:0.9.7.RELEASE]
	at reactor.netty.http.client.HttpClientOperations.onInboundNext(HttpClientOperations.java:629) ~[reactor-netty-0.9.7.RELEASE.jar:0.9.7.RELEASE]
	at reactor.netty.channel.ChannelOperationsHandler.channelRead(ChannelOperationsHandler.java:96) ~[reactor-netty-0.9.7.RELEASE.jar:0.9.7.RELEASE]
	at io.netty.channel.AbstractChannelHandlerContext.invokeChannelRead(AbstractChannelHandlerContext.java:379) [netty-transport-4.1.49.Final.jar:4.1.49.Final]
	at io.netty.channel.AbstractChannelHandlerContext.invokeChannelRead(AbstractChannelHandlerContext.java:365) [netty-transport-4.1.49.Final.jar:4.1.49.Final]
	at io.netty.channel.AbstractChannelHandlerContext.fireChannelRead(AbstractChannelHandlerContext.java:357) [netty-transport-4.1.49.Final.jar:4.1.49.Final]
	at io.netty.handler.codec.MessageToMessageDecoder.channelRead(MessageToMessageDecoder.java:103) [netty-codec-4.1.49.Final.jar:4.1.49.Final]
	at io.netty.channel.AbstractChannelHandlerContext.invokeChannelRead(AbstractChannelHandlerContext.java:379) [netty-transport-4.1.49.Final.jar:4.1.49.Final]
	at io.netty.channel.AbstractChannelHandlerContext.invokeChannelRead(AbstractChannelHandlerContext.java:365) [netty-transport-4.1.49.Final.jar:4.1.49.Final]
	at io.netty.channel.AbstractChannelHandlerContext.fireChannelRead(AbstractChannelHandlerContext.java:357) [netty-transport-4.1.49.Final.jar:4.1.49.Final]
	at io.netty.channel.CombinedChannelDuplexHandler$DelegatingChannelHandlerContext.fireChannelRead(CombinedChannelDuplexHandler.java:436) [netty-transport-4.1.49.Final.jar:4.1.49.Final]
	at io.netty.handler.codec.ByteToMessageDecoder.fireChannelRead(ByteToMessageDecoder.java:324) [netty-codec-4.1.49.Final.jar:4.1.49.Final]
	at io.netty.handler.codec.ByteToMessageDecoder.channelRead(ByteToMessageDecoder.java:296) [netty-codec-4.1.49.Final.jar:4.1.49.Final]
	at io.netty.channel.CombinedChannelDuplexHandler.channelRead(CombinedChannelDuplexHandler.java:251) [netty-transport-4.1.49.Final.jar:4.1.49.Final]
	at io.netty.channel.AbstractChannelHandlerContext.invokeChannelRead(AbstractChannelHandlerContext.java:379) [netty-transport-4.1.49.Final.jar:4.1.49.Final]
	at io.netty.channel.AbstractChannelHandlerContext.invokeChannelRead(AbstractChannelHandlerContext.java:365) [netty-transport-4.1.49.Final.jar:4.1.49.Final]
	at io.netty.channel.AbstractChannelHandlerContext.fireChannelRead(AbstractChannelHandlerContext.java:357) [netty-transport-4.1.49.Final.jar:4.1.49.Final]
	at io.netty.channel.DefaultChannelPipeline$HeadContext.channelRead(DefaultChannelPipeline.java:1410) [netty-transport-4.1.49.Final.jar:4.1.49.Final]
	at io.netty.channel.AbstractChannelHandlerContext.invokeChannelRead(AbstractChannelHandlerContext.java:379) [netty-transport-4.1.49.Final.jar:4.1.49.Final]
	at io.netty.channel.AbstractChannelHandlerContext.invokeChannelRead(AbstractChannelHandlerContext.java:365) [netty-transport-4.1.49.Final.jar:4.1.49.Final]
	at io.netty.channel.DefaultChannelPipeline.fireChannelRead(DefaultChannelPipeline.java:919) [netty-transport-4.1.49.Final.jar:4.1.49.Final]
	at io.netty.channel.nio.AbstractNioByteChannel$NioByteUnsafe.read(AbstractNioByteChannel.java:163) [netty-transport-4.1.49.Final.jar:4.1.49.Final]
	at io.netty.channel.nio.NioEventLoop.processSelectedKey(NioEventLoop.java:714) [netty-transport-4.1.49.Final.jar:4.1.49.Final]
	at io.netty.channel.nio.NioEventLoop.processSelectedKeysOptimized(NioEventLoop.java:650) [netty-transport-4.1.49.Final.jar:4.1.49.Final]
	at io.netty.channel.nio.NioEventLoop.processSelectedKeys(NioEventLoop.java:576) [netty-transport-4.1.49.Final.jar:4.1.49.Final]
	at io.netty.channel.nio.NioEventLoop.run(NioEventLoop.java:493) [netty-transport-4.1.49.Final.jar:4.1.49.Final]
	at io.netty.util.concurrent.SingleThreadEventExecutor$4.run(SingleThreadEventExecutor.java:989) [netty-common-4.1.49.Final.jar:4.1.49.Final]
	at io.netty.util.internal.ThreadExecutorMap$2.run(ThreadExecutorMap.java:74) [netty-common-4.1.49.Final.jar:4.1.49.Final]
	at io.netty.util.concurrent.FastThreadLocalRunnable.run(FastThreadLocalRunnable.java:30) [netty-common-4.1.49.Final.jar:4.1.49.Final]
	at java.lang.Thread.run(Thread.java:748) [na:1.8.0_241]
Caused by: com.datastax.driver.core.exceptions.InvalidQueryException: unconfigured table readings
	at com.datastax.driver.core.exceptions.InvalidQueryException.copy(InvalidQueryException.java:50) ~[cassandra-driver-core-3.9.0.jar:na]
	at com.datastax.driver.core.DriverThrowables.propagateCause(DriverThrowables.java:35) ~[cassandra-driver-core-3.9.0.jar:na]
	at com.datastax.driver.core.DefaultResultSetFuture.getUninterruptibly(DefaultResultSetFuture.java:293) ~[cassandra-driver-core-3.9.0.jar:na]
	at com.datastax.driver.core.AbstractSession.execute(AbstractSession.java:58) ~[cassandra-driver-core-3.9.0.jar:na]
	at org.springframework.data.cassandra.core.CassandraTemplate$StatementCallback.doInSession(CassandraTemplate.java:974) ~[spring-data-cassandra-2.2.7.RELEASE.jar:2.2.7.RELEASE]
	at org.springframework.data.cassandra.core.CassandraTemplate$StatementCallback.doInSession(CassandraTemplate.java:964) ~[spring-data-cassandra-2.2.7.RELEASE.jar:2.2.7.RELEASE]
	at org.springframework.data.cassandra.core.cql.CqlTemplate.execute(CqlTemplate.java:132) ~[spring-data-cassandra-2.2.7.RELEASE.jar:2.2.7.RELEASE]
	... 89 common frames omitted
Caused by: com.datastax.driver.core.exceptions.InvalidQueryException: unconfigured table readings
	at com.datastax.driver.core.Responses$Error.asException(Responses.java:181) ~[cassandra-driver-core-3.9.0.jar:na]
	at com.datastax.driver.core.DefaultResultSetFuture.onSet(DefaultResultSetFuture.java:215) ~[cassandra-driver-core-3.9.0.jar:na]
	at com.datastax.driver.core.RequestHandler.setFinalResult(RequestHandler.java:235) ~[cassandra-driver-core-3.9.0.jar:na]
	at com.datastax.driver.core.RequestHandler.access$2600(RequestHandler.java:61) ~[cassandra-driver-core-3.9.0.jar:na]
	at com.datastax.driver.core.RequestHandler$SpeculativeExecution.setFinalResult(RequestHandler.java:1011) ~[cassandra-driver-core-3.9.0.jar:na]
	at com.datastax.driver.core.RequestHandler$SpeculativeExecution.onSet(RequestHandler.java:814) ~[cassandra-driver-core-3.9.0.jar:na]
	at com.datastax.driver.core.Connection$Dispatcher.channelRead0(Connection.java:1262) ~[cassandra-driver-core-3.9.0.jar:na]
	at com.datastax.driver.core.Connection$Dispatcher.channelRead0(Connection.java:1180) ~[cassandra-driver-core-3.9.0.jar:na]
	at io.netty.channel.SimpleChannelInboundHandler.channelRead(SimpleChannelInboundHandler.java:99) ~[netty-transport-4.1.49.Final.jar:4.1.49.Final]
	at io.netty.channel.AbstractChannelHandlerContext.invokeChannelRead(AbstractChannelHandlerContext.java:379) [netty-transport-4.1.49.Final.jar:4.1.49.Final]
	at io.netty.channel.AbstractChannelHandlerContext.invokeChannelRead(AbstractChannelHandlerContext.java:365) [netty-transport-4.1.49.Final.jar:4.1.49.Final]
	at io.netty.channel.AbstractChannelHandlerContext.fireChannelRead(AbstractChannelHandlerContext.java:357) [netty-transport-4.1.49.Final.jar:4.1.49.Final]
	at io.netty.handler.timeout.IdleStateHandler.channelRead(IdleStateHandler.java:286) ~[netty-handler-4.1.49.Final.jar:4.1.49.Final]
	at io.netty.channel.AbstractChannelHandlerContext.invokeChannelRead(AbstractChannelHandlerContext.java:379) [netty-transport-4.1.49.Final.jar:4.1.49.Final]
	at io.netty.channel.AbstractChannelHandlerContext.invokeChannelRead(AbstractChannelHandlerContext.java:365) [netty-transport-4.1.49.Final.jar:4.1.49.Final]
	at io.netty.channel.AbstractChannelHandlerContext.fireChannelRead(AbstractChannelHandlerContext.java:357) [netty-transport-4.1.49.Final.jar:4.1.49.Final]
	at io.netty.handler.codec.MessageToMessageDecoder.channelRead(MessageToMessageDecoder.java:103) [netty-codec-4.1.49.Final.jar:4.1.49.Final]
	at io.netty.channel.AbstractChannelHandlerContext.invokeChannelRead(AbstractChannelHandlerContext.java:379) [netty-transport-4.1.49.Final.jar:4.1.49.Final]
	at io.netty.channel.AbstractChannelHandlerContext.invokeChannelRead(AbstractChannelHandlerContext.java:365) [netty-transport-4.1.49.Final.jar:4.1.49.Final]
	at io.netty.channel.AbstractChannelHandlerContext.fireChannelRead(AbstractChannelHandlerContext.java:357) [netty-transport-4.1.49.Final.jar:4.1.49.Final]
	at io.netty.handler.codec.ByteToMessageDecoder.fireChannelRead(ByteToMessageDecoder.java:324) [netty-codec-4.1.49.Final.jar:4.1.49.Final]
	at io.netty.handler.codec.ByteToMessageDecoder.channelRead(ByteToMessageDecoder.java:296) [netty-codec-4.1.49.Final.jar:4.1.49.Final]
	at io.netty.channel.AbstractChannelHandlerContext.invokeChannelRead(AbstractChannelHandlerContext.java:379) [netty-transport-4.1.49.Final.jar:4.1.49.Final]
	at io.netty.channel.AbstractChannelHandlerContext.invokeChannelRead(AbstractChannelHandlerContext.java:365) [netty-transport-4.1.49.Final.jar:4.1.49.Final]
	at io.netty.channel.AbstractChannelHandlerContext.fireChannelRead(AbstractChannelHandlerContext.java:357) [netty-transport-4.1.49.Final.jar:4.1.49.Final]
	at io.netty.channel.ChannelInboundHandlerAdapter.channelRead(ChannelInboundHandlerAdapter.java:93) ~[netty-transport-4.1.49.Final.jar:4.1.49.Final]
	at com.datastax.driver.core.InboundTrafficMeter.channelRead(InboundTrafficMeter.java:38) ~[cassandra-driver-core-3.9.0.jar:na]
	... 16 common frames omitted

2020-06-27 23:16:54.044 ERROR 56567 --- [reactor-http-nio-1] r.n.channel.ChannelOperationsHandler     : [id: 0x5002e008, L:0.0.0.0/0.0.0.0:58838 ! R:localhost/127.0.0.1:5678] Error was received while reading the incoming data. The connection will be closed.

reactor.core.Exceptions$ErrorCallbackNotImplemented: org.springframework.data.cassandra.CassandraInvalidQueryException: SessionCallback; CQL [INSERT INTO readings (station_id,created_date,id,reading) VALUES (779247b1-b8b8-11ea-b17b-8d42820a80a2,1593292613848,8638b580-b8bb-11ea-b17b-8d42820a80a2,24.0);]; unconfigured table readings; nested exception is com.datastax.driver.core.exceptions.InvalidQueryException: unconfigured table readings
Caused by: org.springframework.data.cassandra.CassandraInvalidQueryException: SessionCallback; CQL [INSERT INTO readings (station_id,created_date,id,reading) VALUES (779247b1-b8b8-11ea-b17b-8d42820a80a2,1593292613848,8638b580-b8bb-11ea-b17b-8d42820a80a2,24.0);]; unconfigured table readings; nested exception is com.datastax.driver.core.exceptions.InvalidQueryException: unconfigured table readings
	at org.springframework.data.cassandra.core.cql.CassandraExceptionTranslator.translate(CassandraExceptionTranslator.java:139) ~[spring-data-cassandra-2.2.7.RELEASE.jar:2.2.7.RELEASE]
	at org.springframework.data.cassandra.core.cql.CassandraAccessor.translate(CassandraAccessor.java:334) ~[spring-data-cassandra-2.2.7.RELEASE.jar:2.2.7.RELEASE]
	at org.springframework.data.cassandra.core.cql.CqlTemplate.translateException(CqlTemplate.java:732) ~[spring-data-cassandra-2.2.7.RELEASE.jar:2.2.7.RELEASE]
	at org.springframework.data.cassandra.core.cql.CqlTemplate.execute(CqlTemplate.java:134) ~[spring-data-cassandra-2.2.7.RELEASE.jar:2.2.7.RELEASE]
	at org.springframework.data.cassandra.core.CassandraTemplate.executeSave(CassandraTemplate.java:860) ~[spring-data-cassandra-2.2.7.RELEASE.jar:2.2.7.RELEASE]
	at org.springframework.data.cassandra.core.CassandraTemplate.executeSave(CassandraTemplate.java:851) ~[spring-data-cassandra-2.2.7.RELEASE.jar:2.2.7.RELEASE]
	at org.springframework.data.cassandra.core.CassandraTemplate.doInsert(CassandraTemplate.java:666) ~[spring-data-cassandra-2.2.7.RELEASE.jar:2.2.7.RELEASE]
	at org.springframework.data.cassandra.core.CassandraTemplate.doInsert(CassandraTemplate.java:649) ~[spring-data-cassandra-2.2.7.RELEASE.jar:2.2.7.RELEASE]
	at org.springframework.data.cassandra.core.CassandraTemplate.insert(CassandraTemplate.java:634) ~[spring-data-cassandra-2.2.7.RELEASE.jar:2.2.7.RELEASE]
	at org.springframework.data.cassandra.repository.support.SimpleCassandraRepository.save(SimpleCassandraRepository.java:95) ~[spring-data-cassandra-2.2.7.RELEASE.jar:2.2.7.RELEASE]
	at sun.reflect.GeneratedMethodAccessor48.invoke(Unknown Source) ~[na:na]
	at sun.reflect.DelegatingMethodAccessorImpl.invoke(DelegatingMethodAccessorImpl.java:43) ~[na:1.8.0_241]
	at java.lang.reflect.Method.invoke(Method.java:498) ~[na:1.8.0_241]
	at org.springframework.data.repository.core.support.RepositoryComposition$RepositoryFragments.invoke(RepositoryComposition.java:371) ~[spring-data-commons-2.2.7.RELEASE.jar:2.2.7.RELEASE]
	at org.springframework.data.repository.core.support.RepositoryComposition.invoke(RepositoryComposition.java:204) ~[spring-data-commons-2.2.7.RELEASE.jar:2.2.7.RELEASE]
	at org.springframework.data.repository.core.support.RepositoryFactorySupport$ImplementationMethodExecutionInterceptor.invoke(RepositoryFactorySupport.java:657) ~[spring-data-commons-2.2.7.RELEASE.jar:2.2.7.RELEASE]
	at org.springframework.aop.framework.ReflectiveMethodInvocation.proceed(ReflectiveMethodInvocation.java:186) ~[spring-aop-5.2.6.RELEASE.jar:5.2.6.RELEASE]
	at org.springframework.data.repository.core.support.RepositoryFactorySupport$QueryExecutorMethodInterceptor.doInvoke(RepositoryFactorySupport.java:621) ~[spring-data-commons-2.2.7.RELEASE.jar:2.2.7.RELEASE]
	at org.springframework.data.repository.core.support.RepositoryFactorySupport$QueryExecutorMethodInterceptor.invoke(RepositoryFactorySupport.java:605) ~[spring-data-commons-2.2.7.RELEASE.jar:2.2.7.RELEASE]
	at org.springframework.aop.framework.ReflectiveMethodInvocation.proceed(ReflectiveMethodInvocation.java:186) ~[spring-aop-5.2.6.RELEASE.jar:5.2.6.RELEASE]
	at org.springframework.data.projection.DefaultMethodInvokingMethodInterceptor.invoke(DefaultMethodInvokingMethodInterceptor.java:80) ~[spring-data-commons-2.2.7.RELEASE.jar:2.2.7.RELEASE]
	at org.springframework.aop.framework.ReflectiveMethodInvocation.proceed(ReflectiveMethodInvocation.java:186) ~[spring-aop-5.2.6.RELEASE.jar:5.2.6.RELEASE]
	at org.springframework.aop.interceptor.ExposeInvocationInterceptor.invoke(ExposeInvocationInterceptor.java:95) ~[spring-aop-5.2.6.RELEASE.jar:5.2.6.RELEASE]
	at org.springframework.aop.framework.ReflectiveMethodInvocation.proceed(ReflectiveMethodInvocation.java:186) ~[spring-aop-5.2.6.RELEASE.jar:5.2.6.RELEASE]
	at org.springframework.aop.framework.JdkDynamicAopProxy.invoke(JdkDynamicAopProxy.java:212) ~[spring-aop-5.2.6.RELEASE.jar:5.2.6.RELEASE]
	at com.sun.proxy.$Proxy112.save(Unknown Source) ~[na:na]
	at sun.reflect.GeneratedMethodAccessor49.invoke(Unknown Source) ~[na:na]
	at sun.reflect.DelegatingMethodAccessorImpl.invoke(DelegatingMethodAccessorImpl.java:43) ~[na:1.8.0_241]
	at java.lang.reflect.Method.invoke(Method.java:498) ~[na:1.8.0_241]
	at org.springframework.aop.support.AopUtils.invokeJoinpointUsingReflection(AopUtils.java:344) ~[spring-aop-5.2.6.RELEASE.jar:5.2.6.RELEASE]
	at org.springframework.aop.framework.ReflectiveMethodInvocation.invokeJoinpoint(ReflectiveMethodInvocation.java:198) ~[spring-aop-5.2.6.RELEASE.jar:5.2.6.RELEASE]
	at org.springframework.aop.framework.ReflectiveMethodInvocation.proceed(ReflectiveMethodInvocation.java:163) ~[spring-aop-5.2.6.RELEASE.jar:5.2.6.RELEASE]
	at org.springframework.dao.support.PersistenceExceptionTranslationInterceptor.invoke(PersistenceExceptionTranslationInterceptor.java:139) ~[spring-tx-5.2.6.RELEASE.jar:5.2.6.RELEASE]
	at org.springframework.aop.framework.ReflectiveMethodInvocation.proceed(ReflectiveMethodInvocation.java:186) ~[spring-aop-5.2.6.RELEASE.jar:5.2.6.RELEASE]
	at org.springframework.aop.framework.JdkDynamicAopProxy.invoke(JdkDynamicAopProxy.java:212) ~[spring-aop-5.2.6.RELEASE.jar:5.2.6.RELEASE]
	at com.sun.proxy.$Proxy112.save(Unknown Source) ~[na:na]
	at com.java.relay42.service.IotService.buildReadingObjForPersist(IotService.java:79) ~[classes/:na]
	at com.java.relay42.config.IotConfiguration.lambda$null$0(IotConfiguration.java:49) ~[classes/:na]
	at reactor.core.publisher.LambdaSubscriber.onNext(LambdaSubscriber.java:160) ~[reactor-core-3.3.5.RELEASE.jar:3.3.5.RELEASE]
	at reactor.core.publisher.MonoFlatMapMany$FlatMapManyInner.onNext(MonoFlatMapMany.java:242) ~[reactor-core-3.3.5.RELEASE.jar:3.3.5.RELEASE]
	at reactor.core.publisher.FluxOnAssembly$OnAssemblySubscriber.onNext(FluxOnAssembly.java:385) ~[reactor-core-3.3.5.RELEASE.jar:3.3.5.RELEASE]
	at reactor.core.publisher.FluxConcatMap$ConcatMapImmediate.drain(FluxConcatMap.java:421) ~[reactor-core-3.3.5.RELEASE.jar:3.3.5.RELEASE]
	at reactor.core.publisher.FluxConcatMap$ConcatMapImmediate.onNext(FluxConcatMap.java:243) ~[reactor-core-3.3.5.RELEASE.jar:3.3.5.RELEASE]
	at reactor.core.publisher.FluxBufferPredicate$BufferPredicateSubscriber.onNextNewBuffer(FluxBufferPredicate.java:274) ~[reactor-core-3.3.5.RELEASE.jar:3.3.5.RELEASE]
	at reactor.core.publisher.FluxBufferPredicate$BufferPredicateSubscriber.tryOnNext(FluxBufferPredicate.java:213) ~[reactor-core-3.3.5.RELEASE.jar:3.3.5.RELEASE]
	at reactor.core.publisher.FluxBufferPredicate$BufferPredicateSubscriber.onNext(FluxBufferPredicate.java:186) ~[reactor-core-3.3.5.RELEASE.jar:3.3.5.RELEASE]
	at reactor.core.publisher.FluxPeekFuseable$PeekConditionalSubscriber.onNext(FluxPeekFuseable.java:845) ~[reactor-core-3.3.5.RELEASE.jar:3.3.5.RELEASE]
	at reactor.core.publisher.FluxMap$MapConditionalSubscriber.onNext(FluxMap.java:213) ~[reactor-core-3.3.5.RELEASE.jar:3.3.5.RELEASE]
	at reactor.core.publisher.FluxContextStart$ContextStartSubscriber.onNext(FluxContextStart.java:96) ~[reactor-core-3.3.5.RELEASE.jar:3.3.5.RELEASE]
	at reactor.core.publisher.FluxMap$MapConditionalSubscriber.onNext(FluxMap.java:213) ~[reactor-core-3.3.5.RELEASE.jar:3.3.5.RELEASE]
	at reactor.core.publisher.FluxBufferPredicate$BufferPredicateSubscriber.onNextNewBuffer(FluxBufferPredicate.java:274) ~[reactor-core-3.3.5.RELEASE.jar:3.3.5.RELEASE]
	at reactor.core.publisher.FluxBufferPredicate$BufferPredicateSubscriber.tryOnNext(FluxBufferPredicate.java:213) ~[reactor-core-3.3.5.RELEASE.jar:3.3.5.RELEASE]
	at reactor.core.publisher.FluxBufferPredicate$BufferPredicateSubscriber.onNext(FluxBufferPredicate.java:186) ~[reactor-core-3.3.5.RELEASE.jar:3.3.5.RELEASE]
	at reactor.core.publisher.FluxPeekFuseable$PeekFuseableConditionalSubscriber.onNext(FluxPeekFuseable.java:495) ~[reactor-core-3.3.5.RELEASE.jar:3.3.5.RELEASE]
	at reactor.core.publisher.FluxFlattenIterable$FlattenIterableSubscriber.drainAsync(FluxFlattenIterable.java:414) ~[reactor-core-3.3.5.RELEASE.jar:3.3.5.RELEASE]
	at reactor.core.publisher.FluxFlattenIterable$FlattenIterableSubscriber.drain(FluxFlattenIterable.java:679) ~[reactor-core-3.3.5.RELEASE.jar:3.3.5.RELEASE]
	at reactor.core.publisher.FluxFlattenIterable$FlattenIterableSubscriber.onNext(FluxFlattenIterable.java:243) ~[reactor-core-3.3.5.RELEASE.jar:3.3.5.RELEASE]
	at reactor.core.publisher.FluxMap$MapSubscriber.onNext(FluxMap.java:114) ~[reactor-core-3.3.5.RELEASE.jar:3.3.5.RELEASE]
	at reactor.core.publisher.FluxPeek$PeekSubscriber.onNext(FluxPeek.java:192) ~[reactor-core-3.3.5.RELEASE.jar:3.3.5.RELEASE]
	at reactor.core.publisher.FluxPeek$PeekSubscriber.onNext(FluxPeek.java:192) ~[reactor-core-3.3.5.RELEASE.jar:3.3.5.RELEASE]
	at reactor.core.publisher.FluxMap$MapSubscriber.onNext(FluxMap.java:114) ~[reactor-core-3.3.5.RELEASE.jar:3.3.5.RELEASE]
	at reactor.netty.channel.FluxReceive.drainReceiver(FluxReceive.java:220) ~[reactor-netty-0.9.7.RELEASE.jar:0.9.7.RELEASE]
	at reactor.netty.channel.FluxReceive.onInboundNext(FluxReceive.java:354) ~[reactor-netty-0.9.7.RELEASE.jar:0.9.7.RELEASE]
	at reactor.netty.channel.ChannelOperations.onInboundNext(ChannelOperations.java:352) ~[reactor-netty-0.9.7.RELEASE.jar:0.9.7.RELEASE]
	at reactor.netty.http.client.HttpClientOperations.onInboundNext(HttpClientOperations.java:629) ~[reactor-netty-0.9.7.RELEASE.jar:0.9.7.RELEASE]
	at reactor.netty.channel.ChannelOperationsHandler.channelRead(ChannelOperationsHandler.java:96) ~[reactor-netty-0.9.7.RELEASE.jar:0.9.7.RELEASE]
	at io.netty.channel.AbstractChannelHandlerContext.invokeChannelRead(AbstractChannelHandlerContext.java:379) [netty-transport-4.1.49.Final.jar:4.1.49.Final]
	at io.netty.channel.AbstractChannelHandlerContext.invokeChannelRead(AbstractChannelHandlerContext.java:365) [netty-transport-4.1.49.Final.jar:4.1.49.Final]
	at io.netty.channel.AbstractChannelHandlerContext.fireChannelRead(AbstractChannelHandlerContext.java:357) [netty-transport-4.1.49.Final.jar:4.1.49.Final]
	at io.netty.handler.codec.MessageToMessageDecoder.channelRead(MessageToMessageDecoder.java:103) [netty-codec-4.1.49.Final.jar:4.1.49.Final]
	at io.netty.channel.AbstractChannelHandlerContext.invokeChannelRead(AbstractChannelHandlerContext.java:379) [netty-transport-4.1.49.Final.jar:4.1.49.Final]
	at io.netty.channel.AbstractChannelHandlerContext.invokeChannelRead(AbstractChannelHandlerContext.java:365) [netty-transport-4.1.49.Final.jar:4.1.49.Final]
	at io.netty.channel.AbstractChannelHandlerContext.fireChannelRead(AbstractChannelHandlerContext.java:357) [netty-transport-4.1.49.Final.jar:4.1.49.Final]
	at io.netty.channel.CombinedChannelDuplexHandler$DelegatingChannelHandlerContext.fireChannelRead(CombinedChannelDuplexHandler.java:436) [netty-transport-4.1.49.Final.jar:4.1.49.Final]
	at io.netty.handler.codec.ByteToMessageDecoder.fireChannelRead(ByteToMessageDecoder.java:324) [netty-codec-4.1.49.Final.jar:4.1.49.Final]
	at io.netty.handler.codec.ByteToMessageDecoder.channelRead(ByteToMessageDecoder.java:296) [netty-codec-4.1.49.Final.jar:4.1.49.Final]
	at io.netty.channel.CombinedChannelDuplexHandler.channelRead(CombinedChannelDuplexHandler.java:251) [netty-transport-4.1.49.Final.jar:4.1.49.Final]
	at io.netty.channel.AbstractChannelHandlerContext.invokeChannelRead(AbstractChannelHandlerContext.java:379) [netty-transport-4.1.49.Final.jar:4.1.49.Final]
	at io.netty.channel.AbstractChannelHandlerContext.invokeChannelRead(AbstractChannelHandlerContext.java:365) [netty-transport-4.1.49.Final.jar:4.1.49.Final]
	at io.netty.channel.AbstractChannelHandlerContext.fireChannelRead(AbstractChannelHandlerContext.java:357) [netty-transport-4.1.49.Final.jar:4.1.49.Final]
	at io.netty.channel.DefaultChannelPipeline$HeadContext.channelRead(DefaultChannelPipeline.java:1410) [netty-transport-4.1.49.Final.jar:4.1.49.Final]
	at io.netty.channel.AbstractChannelHandlerContext.invokeChannelRead(AbstractChannelHandlerContext.java:379) [netty-transport-4.1.49.Final.jar:4.1.49.Final]
	at io.netty.channel.AbstractChannelHandlerContext.invokeChannelRead(AbstractChannelHandlerContext.java:365) [netty-transport-4.1.49.Final.jar:4.1.49.Final]
	at io.netty.channel.DefaultChannelPipeline.fireChannelRead(DefaultChannelPipeline.java:919) [netty-transport-4.1.49.Final.jar:4.1.49.Final]
	at io.netty.channel.nio.AbstractNioByteChannel$NioByteUnsafe.read(AbstractNioByteChannel.java:163) [netty-transport-4.1.49.Final.jar:4.1.49.Final]
	at io.netty.channel.nio.NioEventLoop.processSelectedKey(NioEventLoop.java:714) [netty-transport-4.1.49.Final.jar:4.1.49.Final]
	at io.netty.channel.nio.NioEventLoop.processSelectedKeysOptimized(NioEventLoop.java:650) [netty-transport-4.1.49.Final.jar:4.1.49.Final]
	at io.netty.channel.nio.NioEventLoop.processSelectedKeys(NioEventLoop.java:576) [netty-transport-4.1.49.Final.jar:4.1.49.Final]
	at io.netty.channel.nio.NioEventLoop.run(NioEventLoop.java:493) [netty-transport-4.1.49.Final.jar:4.1.49.Final]
	at io.netty.util.concurrent.SingleThreadEventExecutor$4.run(SingleThreadEventExecutor.java:989) [netty-common-4.1.49.Final.jar:4.1.49.Final]
	at io.netty.util.internal.ThreadExecutorMap$2.run(ThreadExecutorMap.java:74) [netty-common-4.1.49.Final.jar:4.1.49.Final]
	at io.netty.util.concurrent.FastThreadLocalRunnable.run(FastThreadLocalRunnable.java:30) [netty-common-4.1.49.Final.jar:4.1.49.Final]
	at java.lang.Thread.run(Thread.java:748) [na:1.8.0_241]
Caused by: com.datastax.driver.core.exceptions.InvalidQueryException: unconfigured table readings
	at com.datastax.driver.core.exceptions.InvalidQueryException.copy(InvalidQueryException.java:50) ~[cassandra-driver-core-3.9.0.jar:na]
	at com.datastax.driver.core.DriverThrowables.propagateCause(DriverThrowables.java:35) ~[cassandra-driver-core-3.9.0.jar:na]
	at com.datastax.driver.core.DefaultResultSetFuture.getUninterruptibly(DefaultResultSetFuture.java:293) ~[cassandra-driver-core-3.9.0.jar:na]
	at com.datastax.driver.core.AbstractSession.execute(AbstractSession.java:58) ~[cassandra-driver-core-3.9.0.jar:na]
	at org.springframework.data.cassandra.core.CassandraTemplate$StatementCallback.doInSession(CassandraTemplate.java:974) ~[spring-data-cassandra-2.2.7.RELEASE.jar:2.2.7.RELEASE]
	at org.springframework.data.cassandra.core.CassandraTemplate$StatementCallback.doInSession(CassandraTemplate.java:964) ~[spring-data-cassandra-2.2.7.RELEASE.jar:2.2.7.RELEASE]
	at org.springframework.data.cassandra.core.cql.CqlTemplate.execute(CqlTemplate.java:132) ~[spring-data-cassandra-2.2.7.RELEASE.jar:2.2.7.RELEASE]
	... 89 common frames omitted
Caused by: com.datastax.driver.core.exceptions.InvalidQueryException: unconfigured table readings
	at com.datastax.driver.core.Responses$Error.asException(Responses.java:181) ~[cassandra-driver-core-3.9.0.jar:na]
	at com.datastax.driver.core.DefaultResultSetFuture.onSet(DefaultResultSetFuture.java:215) ~[cassandra-driver-core-3.9.0.jar:na]
	at com.datastax.driver.core.RequestHandler.setFinalResult(RequestHandler.java:235) ~[cassandra-driver-core-3.9.0.jar:na]
	at com.datastax.driver.core.RequestHandler.access$2600(RequestHandler.java:61) ~[cassandra-driver-core-3.9.0.jar:na]
	at com.datastax.driver.core.RequestHandler$SpeculativeExecution.setFinalResult(RequestHandler.java:1011) ~[cassandra-driver-core-3.9.0.jar:na]
	at com.datastax.driver.core.RequestHandler$SpeculativeExecution.onSet(RequestHandler.java:814) ~[cassandra-driver-core-3.9.0.jar:na]
	at com.datastax.driver.core.Connection$Dispatcher.channelRead0(Connection.java:1262) ~[cassandra-driver-core-3.9.0.jar:na]
	at com.datastax.driver.core.Connection$Dispatcher.channelRead0(Connection.java:1180) ~[cassandra-driver-core-3.9.0.jar:na]
	at io.netty.channel.SimpleChannelInboundHandler.channelRead(SimpleChannelInboundHandler.java:99) ~[netty-transport-4.1.49.Final.jar:4.1.49.Final]
	at io.netty.channel.AbstractChannelHandlerContext.invokeChannelRead(AbstractChannelHandlerContext.java:379) [netty-transport-4.1.49.Final.jar:4.1.49.Final]
	at io.netty.channel.AbstractChannelHandlerContext.invokeChannelRead(AbstractChannelHandlerContext.java:365) [netty-transport-4.1.49.Final.jar:4.1.49.Final]
	at io.netty.channel.AbstractChannelHandlerContext.fireChannelRead(AbstractChannelHandlerContext.java:357) [netty-transport-4.1.49.Final.jar:4.1.49.Final]
	at io.netty.handler.timeout.IdleStateHandler.channelRead(IdleStateHandler.java:286) ~[netty-handler-4.1.49.Final.jar:4.1.49.Final]
	at io.netty.channel.AbstractChannelHandlerContext.invokeChannelRead(AbstractChannelHandlerContext.java:379) [netty-transport-4.1.49.Final.jar:4.1.49.Final]
	at io.netty.channel.AbstractChannelHandlerContext.invokeChannelRead(AbstractChannelHandlerContext.java:365) [netty-transport-4.1.49.Final.jar:4.1.49.Final]
	at io.netty.channel.AbstractChannelHandlerContext.fireChannelRead(AbstractChannelHandlerContext.java:357) [netty-transport-4.1.49.Final.jar:4.1.49.Final]
	at io.netty.handler.codec.MessageToMessageDecoder.channelRead(MessageToMessageDecoder.java:103) [netty-codec-4.1.49.Final.jar:4.1.49.Final]
	at io.netty.channel.AbstractChannelHandlerContext.invokeChannelRead(AbstractChannelHandlerContext.java:379) [netty-transport-4.1.49.Final.jar:4.1.49.Final]
	at io.netty.channel.AbstractChannelHandlerContext.invokeChannelRead(AbstractChannelHandlerContext.java:365) [netty-transport-4.1.49.Final.jar:4.1.49.Final]
	at io.netty.channel.AbstractChannelHandlerContext.fireChannelRead(AbstractChannelHandlerContext.java:357) [netty-transport-4.1.49.Final.jar:4.1.49.Final]
	at io.netty.handler.codec.ByteToMessageDecoder.fireChannelRead(ByteToMessageDecoder.java:324) [netty-codec-4.1.49.Final.jar:4.1.49.Final]
	at io.netty.handler.codec.ByteToMessageDecoder.fireChannelRead(ByteToMessageDecoder.java:311) [netty-codec-4.1.49.Final.jar:4.1.49.Final]
	at io.netty.handler.codec.ByteToMessageDecoder.callDecode(ByteToMessageDecoder.java:425) [netty-codec-4.1.49.Final.jar:4.1.49.Final]
	at io.netty.handler.codec.ByteToMessageDecoder.channelRead(ByteToMessageDecoder.java:276) [netty-codec-4.1.49.Final.jar:4.1.49.Final]
	at io.netty.channel.AbstractChannelHandlerContext.invokeChannelRead(AbstractChannelHandlerContext.java:379) [netty-transport-4.1.49.Final.jar:4.1.49.Final]
	at io.netty.channel.AbstractChannelHandlerContext.invokeChannelRead(AbstractChannelHandlerContext.java:365) [netty-transport-4.1.49.Final.jar:4.1.49.Final]
	at io.netty.channel.AbstractChannelHandlerContext.fireChannelRead(AbstractChannelHandlerContext.java:357) [netty-transport-4.1.49.Final.jar:4.1.49.Final]
	at io.netty.channel.ChannelInboundHandlerAdapter.channelRead(ChannelInboundHandlerAdapter.java:93) ~[netty-transport-4.1.49.Final.jar:4.1.49.Final]
	at com.datastax.driver.core.InboundTrafficMeter.channelRead(InboundTrafficMeter.java:38) ~[cassandra-driver-core-3.9.0.jar:na]
	... 16 common frames omitted

2020-06-27 23:16:54.231  WARN 56567 --- [reactor-http-nio-2] reactor.netty.channel.FluxReceive        : [id: 0x7ad20060, L:0.0.0.0/0.0.0.0:58836 ! R:localhost/127.0.0.1:5678] An exception has been observed post termination, use DEBUG level to see the full stack: reactor.core.Exceptions$ErrorCallbackNotImplemented: org.springframework.data.cassandra.CassandraInvalidQueryException: SessionCallback; CQL [INSERT INTO readings (station_id,created_date,id,reading) VALUES (77930b01-b8b8-11ea-b17b-8d42820a80a2,1593292613859,863a6331-b8bb-11ea-b17b-8d42820a80a2,211.0);]; unconfigured table readings; nested exception is com.datastax.driver.core.exceptions.InvalidQueryException: unconfigured table readings
2020-06-27 23:16:54.329  WARN 56567 --- [reactor-http-nio-3] reactor.netty.channel.FluxReceive        : [id: 0xf3cad696, L:0.0.0.0/0.0.0.0:58837 ! R:localhost/127.0.0.1:5678] An exception has been observed post termination, use DEBUG level to see the full stack: reactor.core.Exceptions$ErrorCallbackNotImplemented: org.springframework.data.cassandra.CassandraInvalidQueryException: SessionCallback; CQL [INSERT INTO readings (station_id,created_date,id,reading) VALUES (77933211-b8b8-11ea-b17b-8d42820a80a2,1593292613859,863a6330-b8bb-11ea-b17b-8d42820a80a2,30.0);]; unconfigured table readings; nested exception is com.datastax.driver.core.exceptions.InvalidQueryException: unconfigured table readings
2020-06-27 23:16:54.398  WARN 56567 --- [reactor-http-nio-1] reactor.netty.channel.FluxReceive        : [id: 0x5002e008, L:0.0.0.0/0.0.0.0:58838 ! R:localhost/127.0.0.1:5678] An exception has been observed post termination, use DEBUG level to see the full stack: reactor.core.Exceptions$ErrorCallbackNotImplemented: org.springframework.data.cassandra.CassandraInvalidQueryException: SessionCallback; CQL [INSERT INTO readings (station_id,created_date,id,reading) VALUES (779247b1-b8b8-11ea-b17b-8d42820a80a2,1593292613848,8638b580-b8bb-11ea-b17b-8d42820a80a2,24.0);]; unconfigured table readings; nested exception is com.datastax.driver.core.exceptions.InvalidQueryException: unconfigured table readings
2020-06-27 23:35:20.666  INFO 56567 --- [SpringContextShutdownHook] o.s.s.concurrent.ThreadPoolTaskExecutor  : Shutting down ExecutorService 'applicationTaskExecutor'
2020-06-27 23:40:36.348  INFO 57286 --- [main] com.java.relay42.IotAnalyzerApplication  : Starting IotAnalyzerApplication on Admins-MacBook-Pro.local with PID 57286 (/Users/gnatarajan/Workspace/iot-analyzer/target/classes started by gnatarajan in /Users/gnatarajan/Workspace/iot-analyzer)
2020-06-27 23:40:36.350  INFO 57286 --- [main] com.java.relay42.IotAnalyzerApplication  : No active profile set, falling back to default profiles: default
2020-06-27 23:40:36.917  INFO 57286 --- [main] .s.d.r.c.RepositoryConfigurationDelegate : Bootstrapping Spring Data Reactive Cassandra repositories in DEFAULT mode.
2020-06-27 23:40:36.981  INFO 57286 --- [main] .s.d.r.c.RepositoryConfigurationDelegate : Finished Spring Data repository scanning in 59ms. Found 0 Reactive Cassandra repository interfaces.
2020-06-27 23:40:36.984  INFO 57286 --- [main] .s.d.r.c.RepositoryConfigurationDelegate : Bootstrapping Spring Data Cassandra repositories in DEFAULT mode.
2020-06-27 23:40:37.005  INFO 57286 --- [main] .s.d.r.c.RepositoryConfigurationDelegate : Finished Spring Data repository scanning in 20ms. Found 3 Cassandra repository interfaces.
2020-06-27 23:40:37.241  INFO 57286 --- [main] trationDelegate$BeanPostProcessorChecker : Bean 'org.springframework.security.access.expression.method.DefaultMethodSecurityExpressionHandler@7ea4d397' of type [org.springframework.security.access.expression.method.DefaultMethodSecurityExpressionHandler] is not eligible for getting processed by all BeanPostProcessors (for example: not eligible for auto-proxying)
2020-06-27 23:40:37.245  INFO 57286 --- [main] trationDelegate$BeanPostProcessorChecker : Bean 'methodSecurityMetadataSource' of type [org.springframework.security.access.method.DelegatingMethodSecurityMetadataSource] is not eligible for getting processed by all BeanPostProcessors (for example: not eligible for auto-proxying)
2020-06-27 23:40:37.465  INFO 57286 --- [main] o.s.b.w.embedded.tomcat.TomcatWebServer  : Tomcat initialized with port(s): 5678 (http)
2020-06-27 23:40:37.477  INFO 57286 --- [main] o.apache.catalina.core.StandardService   : Starting service [Tomcat]
2020-06-27 23:40:37.477  INFO 57286 --- [main] org.apache.catalina.core.StandardEngine  : Starting Servlet engine: [Apache Tomcat/9.0.34]
2020-06-27 23:40:37.571  INFO 57286 --- [main] o.a.c.c.C.[Tomcat].[localhost].[/]       : Initializing Spring embedded WebApplicationContext
2020-06-27 23:40:37.571  INFO 57286 --- [main] o.s.web.context.ContextLoader            : Root WebApplicationContext: initialization completed in 1186 ms
2020-06-27 23:40:37.673  INFO 57286 --- [main] com.datastax.driver.core                 : DataStax Java driver 3.9.0 for Apache Cassandra
2020-06-27 23:40:37.681  INFO 57286 --- [main] c.d.driver.core.GuavaCompatibility       : Detected Guava >= 19 in the classpath, using modern compatibility layer
2020-06-27 23:40:38.075  INFO 57286 --- [main] com.datastax.driver.core.ClockFactory    : Using native clock to generate timestamps.
2020-06-27 23:40:38.224  WARN 57286 --- [main] com.datastax.driver.core.NettyUtil       : Found Netty's native epoll transport, but not running on linux-based operating system. Using NIO instead.
2020-06-27 23:40:38.757  INFO 57286 --- [main] c.d.d.c.p.DCAwareRoundRobinPolicy        : Using data-center name 'datacenter1' for DCAwareRoundRobinPolicy (if this is incorrect, please provide the correct datacenter name with DCAwareRoundRobinPolicy constructor)
2020-06-27 23:40:38.759  INFO 57286 --- [main] com.datastax.driver.core.Cluster         : New Cassandra host /127.0.0.1:9042 added
2020-06-27 23:40:40.124  INFO 57286 --- [main] o.s.s.web.DefaultSecurityFilterChain     : Creating filter chain: any request, [org.springframework.security.web.context.request.async.WebAsyncManagerIntegrationFilter@70d77826, org.springframework.security.web.context.SecurityContextPersistenceFilter@21c747a, org.springframework.security.web.header.HeaderWriterFilter@9c93d16, org.springframework.security.web.authentication.logout.LogoutFilter@2e62ead7, com.java.relay42.security.JwtTokenFilter@7f323b3a, org.springframework.security.web.authentication.www.BasicAuthenticationFilter@3a401749, org.springframework.security.web.savedrequest.RequestCacheAwareFilter@29f38091, org.springframework.security.web.servletapi.SecurityContextHolderAwareRequestFilter@4346808, org.springframework.security.web.authentication.AnonymousAuthenticationFilter@4f169009, org.springframework.security.web.session.SessionManagementFilter@48a2db72, org.springframework.security.web.access.ExceptionTranslationFilter@2e1b374c, org.springframework.security.web.access.intercept.FilterSecurityInterceptor@2753316c]
2020-06-27 23:40:40.304  INFO 57286 --- [main] o.s.s.concurrent.ThreadPoolTaskExecutor  : Initializing ExecutorService 'applicationTaskExecutor'
2020-06-27 23:40:40.934  INFO 57286 --- [main] o.s.b.w.embedded.tomcat.TomcatWebServer  : Tomcat started on port(s): 5678 (http) with context path ''
2020-06-27 23:40:40.936  INFO 57286 --- [main] com.java.relay42.IotAnalyzerApplication  : Started IotAnalyzerApplication in 5.144 seconds (JVM running for 5.486)
2020-06-27 23:40:42.802  INFO 57286 --- [main] com.datastax.driver.core.utils.UUIDs     : PID obtained through native call to getpid(): 57286
2020-06-27 23:40:42.802  INFO 57286 --- [main] com.java.relay42.service.IotService      : updating the tracker object with ams
2020-06-27 23:40:42.808  INFO 57286 --- [main] com.java.relay42.service.IotService      : updating the tracker object with ldn
2020-06-27 23:40:42.810  INFO 57286 --- [main] com.java.relay42.service.IotService      : updating the tracker object with par
2020-06-27 23:40:43.032  INFO 57286 --- [http-nio-5678-exec-1] o.a.c.c.C.[Tomcat].[localhost].[/]       : Initializing Spring DispatcherServlet 'dispatcherServlet'
2020-06-27 23:40:43.032  INFO 57286 --- [http-nio-5678-exec-1] o.s.web.servlet.DispatcherServlet        : Initializing Servlet 'dispatcherServlet'
2020-06-27 23:40:43.038  INFO 57286 --- [http-nio-5678-exec-1] o.s.web.servlet.DispatcherServlet        : Completed initialization in 6 ms
2020-06-27 23:40:48.287  WARN 57286 --- [reactor-http-nio-2] reactor.netty.channel.FluxReceive        : [id: 0x23699ce4, L:0.0.0.0/0.0.0.0:59221 ! R:localhost/127.0.0.1:5678] An exception has been observed post termination, use DEBUG level to see the full stack: reactor.core.Exceptions$ErrorCallbackNotImplemented: reactor.netty.http.client.PrematureCloseException: Connection prematurely closed DURING response
2020-06-27 23:40:48.287  WARN 57286 --- [reactor-http-nio-3] reactor.netty.channel.FluxReceive        : [id: 0x1b769884, L:0.0.0.0/0.0.0.0:59222 ! R:localhost/127.0.0.1:5678] An exception has been observed post termination, use DEBUG level to see the full stack: reactor.core.Exceptions$ErrorCallbackNotImplemented: reactor.netty.http.client.PrematureCloseException: Connection prematurely closed DURING response
2020-06-27 23:40:48.287  WARN 57286 --- [reactor-http-nio-1] reactor.netty.channel.FluxReceive        : [id: 0xdc0b4bda, L:0.0.0.0/0.0.0.0:59220 ! R:localhost/127.0.0.1:5678] An exception has been observed post termination, use DEBUG level to see the full stack: reactor.core.Exceptions$ErrorCallbackNotImplemented: reactor.netty.http.client.PrematureCloseException: Connection prematurely closed DURING response
2020-06-27 23:40:50.343  INFO 57286 --- [SpringContextShutdownHook] o.s.s.concurrent.ThreadPoolTaskExecutor  : Shutting down ExecutorService 'applicationTaskExecutor'
